{"/Users/cansaragih/Documents/BOOTCAMP/PHASE 2/INDIVIDUAL PROJECT/IP-RMT60/server/app.js": {"path":"/Users/cansaragih/Documents/BOOTCAMP/PHASE 2/INDIVIDUAL PROJECT/IP-RMT60/server/app.js","statementMap":{"0":{"start":{"line":1,"column":0},"end":{"line":1,"column":43}},"1":{"start":{"line":2,"column":0},"end":{"line":4,"column":1}},"2":{"start":{"line":3,"column":2},"end":{"line":3,"column":29}},"3":{"start":{"line":6,"column":16},"end":{"line":6,"column":34}},"4":{"start":{"line":7,"column":12},"end":{"line":7,"column":21}},"5":{"start":{"line":8,"column":13},"end":{"line":8,"column":28}},"6":{"start":{"line":9,"column":15},"end":{"line":9,"column":34}},"7":{"start":{"line":11,"column":0},"end":{"line":11,"column":48}},"8":{"start":{"line":12,"column":0},"end":{"line":12,"column":24}},"9":{"start":{"line":13,"column":0},"end":{"line":13,"column":16}},"10":{"start":{"line":15,"column":0},"end":{"line":15,"column":16}},"11":{"start":{"line":17,"column":0},"end":{"line":17,"column":21}}},"fnMap":{},"branchMap":{"0":{"loc":{"start":{"line":2,"column":0},"end":{"line":4,"column":1}},"type":"if","locations":[{"start":{"line":2,"column":0},"end":{"line":4,"column":1}},{"start":{},"end":{}}],"line":2}},"s":{"0":7,"1":7,"2":7,"3":7,"4":7,"5":7,"6":7,"7":7,"8":7,"9":7,"10":7,"11":7},"f":{},"b":{"0":[7,0]},"_coverageSchema":"1a1c01bbd47fc00a2c39e90264f33305004495a9","hash":"36b5dfbf4b14f5d14da81df64e6656df7379dffc"}
,"/Users/cansaragih/Documents/BOOTCAMP/PHASE 2/INDIVIDUAL PROJECT/IP-RMT60/server/__test__/test-helpers.js": {"path":"/Users/cansaragih/Documents/BOOTCAMP/PHASE 2/INDIVIDUAL PROJECT/IP-RMT60/server/__test__/test-helpers.js","statementMap":{"0":{"start":{"line":1,"column":16},"end":{"line":1,"column":36}},"1":{"start":{"line":4,"column":0},"end":{"line":541,"column":2}},"2":{"start":{"line":19,"column":4},"end":{"line":42,"column":5}},"3":{"start":{"line":20,"column":18},"end":{"line":20,"column":44}},"4":{"start":{"line":22,"column":6},"end":{"line":24,"column":7}},"5":{"start":{"line":23,"column":8},"end":{"line":23,"column":39}},"6":{"start":{"line":26,"column":6},"end":{"line":31,"column":7}},"7":{"start":{"line":30,"column":8},"end":{"line":30,"column":23}},"8":{"start":{"line":33,"column":6},"end":{"line":41,"column":7}},"9":{"start":{"line":34,"column":8},"end":{"line":34,"column":25}},"10":{"start":{"line":37,"column":8},"end":{"line":40,"column":10}},"11":{"start":{"line":45,"column":4},"end":{"line":87,"column":5}},"12":{"start":{"line":45,"column":23},"end":{"line":45,"column":24}},"13":{"start":{"line":46,"column":6},"end":{"line":83,"column":7}},"14":{"start":{"line":47,"column":18},"end":{"line":47,"column":44}},"15":{"start":{"line":49,"column":8},"end":{"line":51,"column":9}},"16":{"start":{"line":50,"column":10},"end":{"line":50,"column":41}},"17":{"start":{"line":53,"column":8},"end":{"line":58,"column":9}},"18":{"start":{"line":57,"column":10},"end":{"line":57,"column":25}},"19":{"start":{"line":60,"column":20},"end":{"line":60,"column":29}},"20":{"start":{"line":61,"column":8},"end":{"line":61,"column":27}},"21":{"start":{"line":64,"column":8},"end":{"line":66,"column":9}},"22":{"start":{"line":65,"column":10},"end":{"line":65,"column":21}},"23":{"start":{"line":69,"column":8},"end":{"line":71,"column":9}},"24":{"start":{"line":70,"column":10},"end":{"line":70,"column":21}},"25":{"start":{"line":74,"column":8},"end":{"line":76,"column":9}},"26":{"start":{"line":75,"column":10},"end":{"line":75,"column":21}},"27":{"start":{"line":79,"column":8},"end":{"line":79,"column":78}},"28":{"start":{"line":80,"column":8},"end":{"line":80,"column":33}},"29":{"start":{"line":82,"column":8},"end":{"line":82,"column":24}},"30":{"start":{"line":86,"column":6},"end":{"line":86,"column":32}},"31":{"start":{"line":90,"column":4},"end":{"line":92,"column":5}},"32":{"start":{"line":91,"column":6},"end":{"line":91,"column":26}},"33":{"start":{"line":95,"column":4},"end":{"line":95,"column":62}},"34":{"start":{"line":100,"column":4},"end":{"line":100,"column":61}},"35":{"start":{"line":100,"column":36},"end":{"line":100,"column":59}},"36":{"start":{"line":105,"column":21},"end":{"line":105,"column":31}},"37":{"start":{"line":106,"column":18},"end":{"line":106,"column":57}},"38":{"start":{"line":107,"column":21},"end":{"line":107,"column":34}},"39":{"start":{"line":109,"column":4},"end":{"line":154,"column":5}},"40":{"start":{"line":111,"column":6},"end":{"line":115,"column":9}},"41":{"start":{"line":118,"column":6},"end":{"line":118,"column":29}},"42":{"start":{"line":121,"column":23},"end":{"line":124,"column":8}},"43":{"start":{"line":127,"column":18},"end":{"line":127,"column":22}},"44":{"start":{"line":128,"column":6},"end":{"line":143,"column":7}},"45":{"start":{"line":129,"column":8},"end":{"line":129,"column":43}},"46":{"start":{"line":130,"column":13},"end":{"line":143,"column":7}},"47":{"start":{"line":131,"column":8},"end":{"line":131,"column":36}},"48":{"start":{"line":132,"column":13},"end":{"line":143,"column":7}},"49":{"start":{"line":134,"column":8},"end":{"line":142,"column":9}},"50":{"start":{"line":135,"column":10},"end":{"line":141,"column":11}},"51":{"start":{"line":139,"column":12},"end":{"line":139,"column":39}},"52":{"start":{"line":140,"column":12},"end":{"line":140,"column":18}},"53":{"start":{"line":145,"column":6},"end":{"line":150,"column":8}},"54":{"start":{"line":152,"column":6},"end":{"line":152,"column":66}},"55":{"start":{"line":153,"column":6},"end":{"line":153,"column":60}},"56":{"start":{"line":159,"column":16},"end":{"line":159,"column":75}},"57":{"start":{"line":162,"column":4},"end":{"line":162,"column":26}},"58":{"start":{"line":164,"column":4},"end":{"line":167,"column":6}},"59":{"start":{"line":172,"column":4},"end":{"line":178,"column":5}},"60":{"start":{"line":173,"column":6},"end":{"line":177,"column":7}},"61":{"start":{"line":174,"column":8},"end":{"line":174,"column":66}},"62":{"start":{"line":176,"column":8},"end":{"line":176,"column":61}},"63":{"start":{"line":180,"column":4},"end":{"line":184,"column":5}},"64":{"start":{"line":181,"column":6},"end":{"line":183,"column":7}},"65":{"start":{"line":182,"column":8},"end":{"line":182,"column":60}},"66":{"start":{"line":186,"column":4},"end":{"line":186,"column":16}},"67":{"start":{"line":191,"column":4},"end":{"line":191,"column":49}},"68":{"start":{"line":191,"column":37},"end":{"line":191,"column":49}},"69":{"start":{"line":194,"column":4},"end":{"line":196,"column":5}},"70":{"start":{"line":195,"column":6},"end":{"line":195,"column":30}},"71":{"start":{"line":198,"column":4},"end":{"line":200,"column":5}},"72":{"start":{"line":199,"column":6},"end":{"line":199,"column":35}},"73":{"start":{"line":202,"column":4},"end":{"line":204,"column":5}},"74":{"start":{"line":203,"column":6},"end":{"line":203,"column":42}},"75":{"start":{"line":206,"column":4},"end":{"line":208,"column":5}},"76":{"start":{"line":207,"column":6},"end":{"line":207,"column":35}},"77":{"start":{"line":211,"column":4},"end":{"line":216,"column":5}},"78":{"start":{"line":212,"column":24},"end":{"line":212,"column":40}},"79":{"start":{"line":213,"column":6},"end":{"line":215,"column":7}},"80":{"start":{"line":214,"column":8},"end":{"line":214,"column":28}},"81":{"start":{"line":219,"column":4},"end":{"line":223,"column":5}},"82":{"start":{"line":220,"column":6},"end":{"line":222,"column":7}},"83":{"start":{"line":221,"column":8},"end":{"line":221,"column":34}},"84":{"start":{"line":226,"column":20},"end":{"line":226,"column":49}},"85":{"start":{"line":227,"column":20},"end":{"line":227,"column":50}},"86":{"start":{"line":228,"column":4},"end":{"line":230,"column":5}},"87":{"start":{"line":229,"column":6},"end":{"line":229,"column":38}},"88":{"start":{"line":233,"column":4},"end":{"line":242,"column":5}},"89":{"start":{"line":234,"column":6},"end":{"line":241,"column":7}},"90":{"start":{"line":235,"column":23},"end":{"line":235,"column":48}},"91":{"start":{"line":236,"column":8},"end":{"line":238,"column":9}},"92":{"start":{"line":237,"column":10},"end":{"line":237,"column":27}},"93":{"start":{"line":244,"column":4},"end":{"line":244,"column":16}},"94":{"start":{"line":249,"column":4},"end":{"line":249,"column":54}},"95":{"start":{"line":249,"column":41},"end":{"line":249,"column":54}},"96":{"start":{"line":251,"column":4},"end":{"line":251,"column":49}},"97":{"start":{"line":251,"column":37},"end":{"line":251,"column":49}},"98":{"start":{"line":253,"column":4},"end":{"line":257,"column":5}},"99":{"start":{"line":254,"column":6},"end":{"line":256,"column":7}},"100":{"start":{"line":255,"column":8},"end":{"line":255,"column":62}},"101":{"start":{"line":255,"column":50},"end":{"line":255,"column":62}},"102":{"start":{"line":259,"column":4},"end":{"line":259,"column":17}},"103":{"start":{"line":264,"column":4},"end":{"line":264,"column":40}},"104":{"start":{"line":264,"column":27},"end":{"line":264,"column":40}},"105":{"start":{"line":266,"column":4},"end":{"line":268,"column":5}},"106":{"start":{"line":267,"column":6},"end":{"line":267,"column":18}},"107":{"start":{"line":271,"column":4},"end":{"line":275,"column":5}},"108":{"start":{"line":272,"column":6},"end":{"line":274,"column":7}},"109":{"start":{"line":273,"column":8},"end":{"line":273,"column":20}},"110":{"start":{"line":278,"column":4},"end":{"line":283,"column":5}},"111":{"start":{"line":279,"column":19},"end":{"line":279,"column":40}},"112":{"start":{"line":280,"column":6},"end":{"line":282,"column":7}},"113":{"start":{"line":280,"column":47},"end":{"line":280,"column":56}},"114":{"start":{"line":281,"column":8},"end":{"line":281,"column":20}},"115":{"start":{"line":285,"column":4},"end":{"line":285,"column":17}},"116":{"start":{"line":290,"column":4},"end":{"line":293,"column":5}},"117":{"start":{"line":291,"column":6},"end":{"line":291,"column":28}},"118":{"start":{"line":292,"column":6},"end":{"line":292,"column":18}},"119":{"start":{"line":294,"column":4},"end":{"line":294,"column":17}},"120":{"start":{"line":300,"column":4},"end":{"line":300,"column":163}},"121":{"start":{"line":305,"column":20},"end":{"line":399,"column":5}},"122":{"start":{"line":318,"column":8},"end":{"line":318,"column":30}},"123":{"start":{"line":319,"column":8},"end":{"line":319,"column":20}},"124":{"start":{"line":322,"column":8},"end":{"line":322,"column":34}},"125":{"start":{"line":325,"column":8},"end":{"line":325,"column":35}},"126":{"start":{"line":328,"column":8},"end":{"line":328,"column":34}},"127":{"start":{"line":331,"column":8},"end":{"line":331,"column":37}},"128":{"start":{"line":336,"column":8},"end":{"line":336,"column":26}},"129":{"start":{"line":337,"column":8},"end":{"line":337,"column":20}},"130":{"start":{"line":342,"column":8},"end":{"line":342,"column":28}},"131":{"start":{"line":343,"column":8},"end":{"line":343,"column":20}},"132":{"start":{"line":348,"column":8},"end":{"line":348,"column":26}},"133":{"start":{"line":349,"column":8},"end":{"line":349,"column":20}},"134":{"start":{"line":354,"column":8},"end":{"line":354,"column":37}},"135":{"start":{"line":355,"column":8},"end":{"line":355,"column":41}},"136":{"start":{"line":355,"column":19},"end":{"line":355,"column":41}},"137":{"start":{"line":356,"column":8},"end":{"line":356,"column":20}},"138":{"start":{"line":361,"column":8},"end":{"line":361,"column":36}},"139":{"start":{"line":362,"column":8},"end":{"line":362,"column":20}},"140":{"start":{"line":367,"column":8},"end":{"line":367,"column":46}},"141":{"start":{"line":368,"column":8},"end":{"line":368,"column":20}},"142":{"start":{"line":373,"column":20},"end":{"line":381,"column":9}},"143":{"start":{"line":384,"column":8},"end":{"line":390,"column":9}},"144":{"start":{"line":385,"column":10},"end":{"line":389,"column":11}},"145":{"start":{"line":386,"column":12},"end":{"line":386,"column":67}},"146":{"start":{"line":388,"column":12},"end":{"line":388,"column":62}},"147":{"start":{"line":393,"column":8},"end":{"line":395,"column":9}},"148":{"start":{"line":394,"column":10},"end":{"line":394,"column":39}},"149":{"start":{"line":397,"column":8},"end":{"line":397,"column":19}},"150":{"start":{"line":401,"column":4},"end":{"line":401,"column":19}},"151":{"start":{"line":406,"column":21},"end":{"line":406,"column":31}},"152":{"start":{"line":407,"column":4},"end":{"line":433,"column":6}},"153":{"start":{"line":408,"column":34},"end":{"line":414,"column":7}},"154":{"start":{"line":416,"column":34},"end":{"line":423,"column":7}},"155":{"start":{"line":425,"column":41},"end":{"line":432,"column":7}},"156":{"start":{"line":438,"column":18},"end":{"line":438,"column":20}},"157":{"start":{"line":439,"column":18},"end":{"line":439,"column":20}},"158":{"start":{"line":441,"column":4},"end":{"line":494,"column":6}},"159":{"start":{"line":444,"column":8},"end":{"line":444,"column":33}},"160":{"start":{"line":445,"column":8},"end":{"line":445,"column":20}},"161":{"start":{"line":450,"column":8},"end":{"line":454,"column":11}},"162":{"start":{"line":453,"column":24},"end":{"line":453,"column":45}},"163":{"start":{"line":455,"column":8},"end":{"line":455,"column":20}},"164":{"start":{"line":460,"column":8},"end":{"line":460,"column":27}},"165":{"start":{"line":461,"column":8},"end":{"line":461,"column":20}},"166":{"start":{"line":466,"column":8},"end":{"line":466,"column":26}},"167":{"start":{"line":471,"column":8},"end":{"line":490,"column":9}},"168":{"start":{"line":473,"column":10},"end":{"line":476,"column":11}},"169":{"start":{"line":474,"column":12},"end":{"line":474,"column":78}},"170":{"start":{"line":475,"column":12},"end":{"line":475,"column":21}},"171":{"start":{"line":478,"column":10},"end":{"line":489,"column":11}},"172":{"start":{"line":479,"column":12},"end":{"line":479,"column":56}},"173":{"start":{"line":480,"column":27},"end":{"line":480,"column":47}},"174":{"start":{"line":483,"column":12},"end":{"line":485,"column":13}},"175":{"start":{"line":484,"column":14},"end":{"line":484,"column":43}},"176":{"start":{"line":487,"column":12},"end":{"line":487,"column":66}},"177":{"start":{"line":488,"column":12},"end":{"line":488,"column":24}},"178":{"start":{"line":492,"column":8},"end":{"line":492,"column":21}},"179":{"start":{"line":499,"column":4},"end":{"line":539,"column":6}},"180":{"start":{"line":501,"column":8},"end":{"line":501,"column":59}},"181":{"start":{"line":502,"column":8},"end":{"line":502,"column":49}},"182":{"start":{"line":503,"column":8},"end":{"line":503,"column":20}},"183":{"start":{"line":507,"column":8},"end":{"line":507,"column":59}},"184":{"start":{"line":508,"column":8},"end":{"line":508,"column":49}},"185":{"start":{"line":509,"column":8},"end":{"line":509,"column":20}},"186":{"start":{"line":513,"column":8},"end":{"line":513,"column":59}},"187":{"start":{"line":514,"column":8},"end":{"line":514,"column":20}},"188":{"start":{"line":518,"column":24},"end":{"line":528,"column":9}},"189":{"start":{"line":519,"column":24},"end":{"line":519,"column":39}},"190":{"start":{"line":520,"column":24},"end":{"line":520,"column":27}},"191":{"start":{"line":522,"column":10},"end":{"line":525,"column":11}},"192":{"start":{"line":523,"column":12},"end":{"line":523,"column":76}},"193":{"start":{"line":523,"column":59},"end":{"line":523,"column":76}},"194":{"start":{"line":524,"column":12},"end":{"line":524,"column":36}},"195":{"start":{"line":527,"column":10},"end":{"line":527,"column":25}},"196":{"start":{"line":530,"column":22},"end":{"line":530,"column":45}},"197":{"start":{"line":531,"column":8},"end":{"line":531,"column":36}},"198":{"start":{"line":532,"column":8},"end":{"line":532,"column":20}},"199":{"start":{"line":536,"column":8},"end":{"line":536,"column":55}},"200":{"start":{"line":537,"column":8},"end":{"line":537,"column":20}}},"fnMap":{"0":{"name":"(anonymous_0)","decl":{"start":{"line":6,"column":2},"end":{"line":6,"column":3}},"loc":{"start":{"line":14,"column":4},"end":{"line":96,"column":3}},"line":14},"1":{"name":"(anonymous_1)","decl":{"start":{"line":99,"column":2},"end":{"line":99,"column":3}},"loc":{"start":{"line":99,"column":12},"end":{"line":101,"column":3}},"line":99},"2":{"name":"(anonymous_2)","decl":{"start":{"line":100,"column":23},"end":{"line":100,"column":24}},"loc":{"start":{"line":100,"column":36},"end":{"line":100,"column":59}},"line":100},"3":{"name":"(anonymous_3)","decl":{"start":{"line":104,"column":2},"end":{"line":104,"column":3}},"loc":{"start":{"line":104,"column":40},"end":{"line":155,"column":3}},"line":104},"4":{"name":"(anonymous_4)","decl":{"start":{"line":158,"column":2},"end":{"line":158,"column":3}},"loc":{"start":{"line":158,"column":55},"end":{"line":168,"column":3}},"line":158},"5":{"name":"(anonymous_5)","decl":{"start":{"line":171,"column":2},"end":{"line":171,"column":3}},"loc":{"start":{"line":171,"column":38},"end":{"line":187,"column":3}},"line":171},"6":{"name":"(anonymous_6)","decl":{"start":{"line":190,"column":2},"end":{"line":190,"column":3}},"loc":{"start":{"line":190,"column":22},"end":{"line":245,"column":3}},"line":190},"7":{"name":"(anonymous_7)","decl":{"start":{"line":248,"column":2},"end":{"line":248,"column":3}},"loc":{"start":{"line":248,"column":29},"end":{"line":260,"column":3}},"line":248},"8":{"name":"(anonymous_8)","decl":{"start":{"line":263,"column":2},"end":{"line":263,"column":3}},"loc":{"start":{"line":263,"column":27},"end":{"line":286,"column":3}},"line":263},"9":{"name":"(anonymous_9)","decl":{"start":{"line":280,"column":40},"end":{"line":280,"column":41}},"loc":{"start":{"line":280,"column":47},"end":{"line":280,"column":56}},"line":280},"10":{"name":"(anonymous_10)","decl":{"start":{"line":289,"column":2},"end":{"line":289,"column":3}},"loc":{"start":{"line":289,"column":50},"end":{"line":295,"column":3}},"line":289},"11":{"name":"(anonymous_11)","decl":{"start":{"line":298,"column":2},"end":{"line":298,"column":3}},"loc":{"start":{"line":298,"column":22},"end":{"line":301,"column":3}},"line":298},"12":{"name":"(anonymous_12)","decl":{"start":{"line":304,"column":2},"end":{"line":304,"column":3}},"loc":{"start":{"line":304,"column":22},"end":{"line":402,"column":3}},"line":304},"13":{"name":"(anonymous_13)","decl":{"start":{"line":317,"column":6},"end":{"line":317,"column":7}},"loc":{"start":{"line":317,"column":21},"end":{"line":320,"column":7}},"line":317},"14":{"name":"(anonymous_14)","decl":{"start":{"line":321,"column":6},"end":{"line":321,"column":7}},"loc":{"start":{"line":321,"column":12},"end":{"line":323,"column":7}},"line":321},"15":{"name":"(anonymous_15)","decl":{"start":{"line":324,"column":6},"end":{"line":324,"column":7}},"loc":{"start":{"line":324,"column":13},"end":{"line":326,"column":7}},"line":324},"16":{"name":"(anonymous_16)","decl":{"start":{"line":327,"column":6},"end":{"line":327,"column":7}},"loc":{"start":{"line":327,"column":12},"end":{"line":329,"column":7}},"line":327},"17":{"name":"(anonymous_17)","decl":{"start":{"line":330,"column":6},"end":{"line":330,"column":7}},"loc":{"start":{"line":330,"column":15},"end":{"line":332,"column":7}},"line":330},"18":{"name":"(anonymous_18)","decl":{"start":{"line":335,"column":6},"end":{"line":335,"column":7}},"loc":{"start":{"line":335,"column":17},"end":{"line":338,"column":7}},"line":335},"19":{"name":"(anonymous_19)","decl":{"start":{"line":341,"column":6},"end":{"line":341,"column":7}},"loc":{"start":{"line":341,"column":23},"end":{"line":344,"column":7}},"line":341},"20":{"name":"(anonymous_20)","decl":{"start":{"line":347,"column":6},"end":{"line":347,"column":7}},"loc":{"start":{"line":347,"column":21},"end":{"line":350,"column":7}},"line":347},"21":{"name":"(anonymous_21)","decl":{"start":{"line":353,"column":6},"end":{"line":353,"column":7}},"loc":{"start":{"line":353,"column":33},"end":{"line":357,"column":7}},"line":353},"22":{"name":"(anonymous_22)","decl":{"start":{"line":360,"column":6},"end":{"line":360,"column":7}},"loc":{"start":{"line":360,"column":25},"end":{"line":363,"column":7}},"line":360},"23":{"name":"(anonymous_23)","decl":{"start":{"line":366,"column":6},"end":{"line":366,"column":7}},"loc":{"start":{"line":366,"column":33},"end":{"line":369,"column":7}},"line":366},"24":{"name":"(anonymous_24)","decl":{"start":{"line":372,"column":6},"end":{"line":372,"column":7}},"loc":{"start":{"line":372,"column":22},"end":{"line":398,"column":7}},"line":372},"25":{"name":"(anonymous_25)","decl":{"start":{"line":405,"column":2},"end":{"line":405,"column":3}},"loc":{"start":{"line":405,"column":21},"end":{"line":434,"column":3}},"line":405},"26":{"name":"(anonymous_26)","decl":{"start":{"line":408,"column":12},"end":{"line":408,"column":13}},"loc":{"start":{"line":408,"column":34},"end":{"line":414,"column":7}},"line":408},"27":{"name":"(anonymous_27)","decl":{"start":{"line":416,"column":12},"end":{"line":416,"column":13}},"loc":{"start":{"line":416,"column":34},"end":{"line":423,"column":7}},"line":416},"28":{"name":"(anonymous_28)","decl":{"start":{"line":425,"column":19},"end":{"line":425,"column":20}},"loc":{"start":{"line":425,"column":41},"end":{"line":432,"column":7}},"line":425},"29":{"name":"(anonymous_29)","decl":{"start":{"line":437,"column":2},"end":{"line":437,"column":3}},"loc":{"start":{"line":437,"column":13},"end":{"line":495,"column":3}},"line":437},"30":{"name":"(anonymous_30)","decl":{"start":{"line":443,"column":6},"end":{"line":443,"column":7}},"loc":{"start":{"line":443,"column":24},"end":{"line":446,"column":7}},"line":443},"31":{"name":"(anonymous_31)","decl":{"start":{"line":449,"column":6},"end":{"line":449,"column":7}},"loc":{"start":{"line":449,"column":48},"end":{"line":456,"column":7}},"line":449},"32":{"name":"(anonymous_32)","decl":{"start":{"line":453,"column":18},"end":{"line":453,"column":19}},"loc":{"start":{"line":453,"column":24},"end":{"line":453,"column":45}},"line":453},"33":{"name":"(anonymous_33)","decl":{"start":{"line":459,"column":6},"end":{"line":459,"column":7}},"loc":{"start":{"line":459,"column":27},"end":{"line":462,"column":7}},"line":459},"34":{"name":"(anonymous_34)","decl":{"start":{"line":465,"column":6},"end":{"line":465,"column":7}},"loc":{"start":{"line":465,"column":20},"end":{"line":467,"column":7}},"line":465},"35":{"name":"(anonymous_35)","decl":{"start":{"line":470,"column":6},"end":{"line":470,"column":7}},"loc":{"start":{"line":470,"column":22},"end":{"line":493,"column":7}},"line":470},"36":{"name":"(anonymous_36)","decl":{"start":{"line":498,"column":2},"end":{"line":498,"column":3}},"loc":{"start":{"line":498,"column":19},"end":{"line":540,"column":3}},"line":498},"37":{"name":"(anonymous_37)","decl":{"start":{"line":500,"column":6},"end":{"line":500,"column":7}},"loc":{"start":{"line":500,"column":23},"end":{"line":504,"column":7}},"line":500},"38":{"name":"(anonymous_38)","decl":{"start":{"line":506,"column":6},"end":{"line":506,"column":7}},"loc":{"start":{"line":506,"column":24},"end":{"line":510,"column":7}},"line":506},"39":{"name":"(anonymous_39)","decl":{"start":{"line":512,"column":6},"end":{"line":512,"column":7}},"loc":{"start":{"line":512,"column":24},"end":{"line":515,"column":7}},"line":512},"40":{"name":"(anonymous_40)","decl":{"start":{"line":517,"column":6},"end":{"line":517,"column":7}},"loc":{"start":{"line":517,"column":31},"end":{"line":533,"column":7}},"line":517},"41":{"name":"(anonymous_41)","decl":{"start":{"line":518,"column":24},"end":{"line":518,"column":25}},"loc":{"start":{"line":518,"column":39},"end":{"line":528,"column":9}},"line":518},"42":{"name":"(anonymous_42)","decl":{"start":{"line":535,"column":6},"end":{"line":535,"column":7}},"loc":{"start":{"line":535,"column":40},"end":{"line":538,"column":7}},"line":535}},"branchMap":{"0":{"loc":{"start":{"line":12,"column":4},"end":{"line":12,"column":19}},"type":"default-arg","locations":[{"start":{"line":12,"column":18},"end":{"line":12,"column":19}}],"line":12},"1":{"loc":{"start":{"line":13,"column":4},"end":{"line":13,"column":17}},"type":"default-arg","locations":[{"start":{"line":13,"column":14},"end":{"line":13,"column":17}}],"line":13},"2":{"loc":{"start":{"line":19,"column":4},"end":{"line":42,"column":5}},"type":"if","locations":[{"start":{"line":19,"column":4},"end":{"line":42,"column":5}},{"start":{},"end":{}}],"line":19},"3":{"loc":{"start":{"line":22,"column":6},"end":{"line":24,"column":7}},"type":"if","locations":[{"start":{"line":22,"column":6},"end":{"line":24,"column":7}},{"start":{},"end":{}}],"line":22},"4":{"loc":{"start":{"line":26,"column":6},"end":{"line":31,"column":7}},"type":"if","locations":[{"start":{"line":26,"column":6},"end":{"line":31,"column":7}},{"start":{},"end":{}}],"line":26},"5":{"loc":{"start":{"line":27,"column":8},"end":{"line":28,"column":70}},"type":"binary-expr","locations":[{"start":{"line":27,"column":8},"end":{"line":27,"column":12}},{"start":{"line":28,"column":9},"end":{"line":28,"column":26}},{"start":{"line":28,"column":30},"end":{"line":28,"column":46}},{"start":{"line":28,"column":50},"end":{"line":28,"column":69}}],"line":27},"6":{"loc":{"start":{"line":49,"column":8},"end":{"line":51,"column":9}},"type":"if","locations":[{"start":{"line":49,"column":8},"end":{"line":51,"column":9}},{"start":{},"end":{}}],"line":49},"7":{"loc":{"start":{"line":53,"column":8},"end":{"line":58,"column":9}},"type":"if","locations":[{"start":{"line":53,"column":8},"end":{"line":58,"column":9}},{"start":{},"end":{}}],"line":53},"8":{"loc":{"start":{"line":54,"column":10},"end":{"line":55,"column":72}},"type":"binary-expr","locations":[{"start":{"line":54,"column":10},"end":{"line":54,"column":14}},{"start":{"line":55,"column":11},"end":{"line":55,"column":28}},{"start":{"line":55,"column":32},"end":{"line":55,"column":48}},{"start":{"line":55,"column":52},"end":{"line":55,"column":71}}],"line":54},"9":{"loc":{"start":{"line":64,"column":8},"end":{"line":66,"column":9}},"type":"if","locations":[{"start":{"line":64,"column":8},"end":{"line":66,"column":9}},{"start":{},"end":{}}],"line":64},"10":{"loc":{"start":{"line":69,"column":8},"end":{"line":71,"column":9}},"type":"if","locations":[{"start":{"line":69,"column":8},"end":{"line":71,"column":9}},{"start":{},"end":{}}],"line":69},"11":{"loc":{"start":{"line":69,"column":12},"end":{"line":69,"column":57}},"type":"binary-expr","locations":[{"start":{"line":69,"column":12},"end":{"line":69,"column":33}},{"start":{"line":69,"column":37},"end":{"line":69,"column":57}}],"line":69},"12":{"loc":{"start":{"line":74,"column":8},"end":{"line":76,"column":9}},"type":"if","locations":[{"start":{"line":74,"column":8},"end":{"line":76,"column":9}},{"start":{},"end":{}}],"line":74},"13":{"loc":{"start":{"line":74,"column":12},"end":{"line":74,"column":57}},"type":"binary-expr","locations":[{"start":{"line":74,"column":12},"end":{"line":74,"column":31}},{"start":{"line":74,"column":35},"end":{"line":74,"column":57}}],"line":74},"14":{"loc":{"start":{"line":90,"column":4},"end":{"line":92,"column":5}},"type":"if","locations":[{"start":{"line":90,"column":4},"end":{"line":92,"column":5}},{"start":{},"end":{}}],"line":90},"15":{"loc":{"start":{"line":95,"column":10},"end":{"line":95,"column":61}},"type":"binary-expr","locations":[{"start":{"line":95,"column":10},"end":{"line":95,"column":19}},{"start":{"line":95,"column":23},"end":{"line":95,"column":61}}],"line":95},"16":{"loc":{"start":{"line":128,"column":6},"end":{"line":143,"column":7}},"type":"if","locations":[{"start":{"line":128,"column":6},"end":{"line":143,"column":7}},{"start":{"line":130,"column":13},"end":{"line":143,"column":7}}],"line":128},"17":{"loc":{"start":{"line":128,"column":10},"end":{"line":128,"column":53}},"type":"binary-expr","locations":[{"start":{"line":128,"column":10},"end":{"line":128,"column":23}},{"start":{"line":128,"column":27},"end":{"line":128,"column":53}}],"line":128},"18":{"loc":{"start":{"line":130,"column":13},"end":{"line":143,"column":7}},"type":"if","locations":[{"start":{"line":130,"column":13},"end":{"line":143,"column":7}},{"start":{"line":132,"column":13},"end":{"line":143,"column":7}}],"line":130},"19":{"loc":{"start":{"line":130,"column":17},"end":{"line":130,"column":53}},"type":"binary-expr","locations":[{"start":{"line":130,"column":17},"end":{"line":130,"column":30}},{"start":{"line":130,"column":34},"end":{"line":130,"column":53}}],"line":130},"20":{"loc":{"start":{"line":132,"column":13},"end":{"line":143,"column":7}},"type":"if","locations":[{"start":{"line":132,"column":13},"end":{"line":143,"column":7}},{"start":{},"end":{}}],"line":132},"21":{"loc":{"start":{"line":132,"column":17},"end":{"line":132,"column":67}},"type":"binary-expr","locations":[{"start":{"line":132,"column":17},"end":{"line":132,"column":30}},{"start":{"line":132,"column":34},"end":{"line":132,"column":67}}],"line":132},"22":{"loc":{"start":{"line":135,"column":10},"end":{"line":141,"column":11}},"type":"if","locations":[{"start":{"line":135,"column":10},"end":{"line":141,"column":11}},{"start":{},"end":{}}],"line":135},"23":{"loc":{"start":{"line":136,"column":12},"end":{"line":137,"column":69}},"type":"binary-expr","locations":[{"start":{"line":136,"column":12},"end":{"line":136,"column":50}},{"start":{"line":137,"column":13},"end":{"line":137,"column":34}},{"start":{"line":137,"column":38},"end":{"line":137,"column":68}}],"line":136},"24":{"loc":{"start":{"line":172,"column":4},"end":{"line":178,"column":5}},"type":"if","locations":[{"start":{"line":172,"column":4},"end":{"line":178,"column":5}},{"start":{},"end":{}}],"line":172},"25":{"loc":{"start":{"line":173,"column":6},"end":{"line":177,"column":7}},"type":"if","locations":[{"start":{"line":173,"column":6},"end":{"line":177,"column":7}},{"start":{"line":175,"column":13},"end":{"line":177,"column":7}}],"line":173},"26":{"loc":{"start":{"line":180,"column":4},"end":{"line":184,"column":5}},"type":"if","locations":[{"start":{"line":180,"column":4},"end":{"line":184,"column":5}},{"start":{},"end":{}}],"line":180},"27":{"loc":{"start":{"line":191,"column":4},"end":{"line":191,"column":49}},"type":"if","locations":[{"start":{"line":191,"column":4},"end":{"line":191,"column":49}},{"start":{},"end":{}}],"line":191},"28":{"loc":{"start":{"line":191,"column":8},"end":{"line":191,"column":35}},"type":"binary-expr","locations":[{"start":{"line":191,"column":8},"end":{"line":191,"column":17}},{"start":{"line":191,"column":21},"end":{"line":191,"column":35}}],"line":191},"29":{"loc":{"start":{"line":194,"column":4},"end":{"line":196,"column":5}},"type":"if","locations":[{"start":{"line":194,"column":4},"end":{"line":196,"column":5}},{"start":{},"end":{}}],"line":194},"30":{"loc":{"start":{"line":198,"column":4},"end":{"line":200,"column":5}},"type":"if","locations":[{"start":{"line":198,"column":4},"end":{"line":200,"column":5}},{"start":{},"end":{}}],"line":198},"31":{"loc":{"start":{"line":198,"column":8},"end":{"line":198,"column":51}},"type":"binary-expr","locations":[{"start":{"line":198,"column":8},"end":{"line":198,"column":26}},{"start":{"line":198,"column":30},"end":{"line":198,"column":51}}],"line":198},"32":{"loc":{"start":{"line":202,"column":4},"end":{"line":204,"column":5}},"type":"if","locations":[{"start":{"line":202,"column":4},"end":{"line":204,"column":5}},{"start":{},"end":{}}],"line":202},"33":{"loc":{"start":{"line":202,"column":8},"end":{"line":202,"column":65}},"type":"binary-expr","locations":[{"start":{"line":202,"column":8},"end":{"line":202,"column":33}},{"start":{"line":202,"column":37},"end":{"line":202,"column":65}}],"line":202},"34":{"loc":{"start":{"line":206,"column":4},"end":{"line":208,"column":5}},"type":"if","locations":[{"start":{"line":206,"column":4},"end":{"line":208,"column":5}},{"start":{},"end":{}}],"line":206},"35":{"loc":{"start":{"line":206,"column":8},"end":{"line":206,"column":51}},"type":"binary-expr","locations":[{"start":{"line":206,"column":8},"end":{"line":206,"column":26}},{"start":{"line":206,"column":30},"end":{"line":206,"column":51}}],"line":206},"36":{"loc":{"start":{"line":211,"column":4},"end":{"line":216,"column":5}},"type":"if","locations":[{"start":{"line":211,"column":4},"end":{"line":216,"column":5}},{"start":{},"end":{}}],"line":211},"37":{"loc":{"start":{"line":211,"column":8},"end":{"line":211,"column":64}},"type":"binary-expr","locations":[{"start":{"line":211,"column":8},"end":{"line":211,"column":36}},{"start":{"line":211,"column":40},"end":{"line":211,"column":64}}],"line":211},"38":{"loc":{"start":{"line":213,"column":6},"end":{"line":215,"column":7}},"type":"if","locations":[{"start":{"line":213,"column":6},"end":{"line":215,"column":7}},{"start":{},"end":{}}],"line":213},"39":{"loc":{"start":{"line":213,"column":10},"end":{"line":213,"column":35}},"type":"binary-expr","locations":[{"start":{"line":213,"column":10},"end":{"line":213,"column":19}},{"start":{"line":213,"column":23},"end":{"line":213,"column":35}}],"line":213},"40":{"loc":{"start":{"line":220,"column":6},"end":{"line":222,"column":7}},"type":"if","locations":[{"start":{"line":220,"column":6},"end":{"line":222,"column":7}},{"start":{},"end":{}}],"line":220},"41":{"loc":{"start":{"line":220,"column":10},"end":{"line":220,"column":70}},"type":"binary-expr","locations":[{"start":{"line":220,"column":10},"end":{"line":220,"column":28}},{"start":{"line":220,"column":32},"end":{"line":220,"column":70}}],"line":220},"42":{"loc":{"start":{"line":228,"column":4},"end":{"line":230,"column":5}},"type":"if","locations":[{"start":{"line":228,"column":4},"end":{"line":230,"column":5}},{"start":{},"end":{}}],"line":228},"43":{"loc":{"start":{"line":228,"column":8},"end":{"line":228,"column":29}},"type":"binary-expr","locations":[{"start":{"line":228,"column":8},"end":{"line":228,"column":15}},{"start":{"line":228,"column":19},"end":{"line":228,"column":29}}],"line":228},"44":{"loc":{"start":{"line":233,"column":4},"end":{"line":242,"column":5}},"type":"if","locations":[{"start":{"line":233,"column":4},"end":{"line":242,"column":5}},{"start":{},"end":{}}],"line":233},"45":{"loc":{"start":{"line":236,"column":8},"end":{"line":238,"column":9}},"type":"if","locations":[{"start":{"line":236,"column":8},"end":{"line":238,"column":9}},{"start":{},"end":{}}],"line":236},"46":{"loc":{"start":{"line":236,"column":12},"end":{"line":236,"column":31}},"type":"binary-expr","locations":[{"start":{"line":236,"column":12},"end":{"line":236,"column":18}},{"start":{"line":236,"column":22},"end":{"line":236,"column":31}}],"line":236},"47":{"loc":{"start":{"line":249,"column":4},"end":{"line":249,"column":54}},"type":"if","locations":[{"start":{"line":249,"column":4},"end":{"line":249,"column":54}},{"start":{},"end":{}}],"line":249},"48":{"loc":{"start":{"line":249,"column":8},"end":{"line":249,"column":39}},"type":"binary-expr","locations":[{"start":{"line":249,"column":8},"end":{"line":249,"column":12}},{"start":{"line":249,"column":16},"end":{"line":249,"column":39}}],"line":249},"49":{"loc":{"start":{"line":251,"column":4},"end":{"line":251,"column":49}},"type":"if","locations":[{"start":{"line":251,"column":4},"end":{"line":251,"column":49}},{"start":{},"end":{}}],"line":251},"50":{"loc":{"start":{"line":254,"column":6},"end":{"line":256,"column":7}},"type":"if","locations":[{"start":{"line":254,"column":6},"end":{"line":256,"column":7}},{"start":{},"end":{}}],"line":254},"51":{"loc":{"start":{"line":254,"column":10},"end":{"line":254,"column":59}},"type":"binary-expr","locations":[{"start":{"line":254,"column":10},"end":{"line":254,"column":38}},{"start":{"line":254,"column":42},"end":{"line":254,"column":59}}],"line":254},"52":{"loc":{"start":{"line":255,"column":8},"end":{"line":255,"column":62}},"type":"if","locations":[{"start":{"line":255,"column":8},"end":{"line":255,"column":62}},{"start":{},"end":{}}],"line":255},"53":{"loc":{"start":{"line":264,"column":4},"end":{"line":264,"column":40}},"type":"if","locations":[{"start":{"line":264,"column":4},"end":{"line":264,"column":40}},{"start":{},"end":{}}],"line":264},"54":{"loc":{"start":{"line":264,"column":8},"end":{"line":264,"column":25}},"type":"binary-expr","locations":[{"start":{"line":264,"column":8},"end":{"line":264,"column":12}},{"start":{"line":264,"column":16},"end":{"line":264,"column":25}}],"line":264},"55":{"loc":{"start":{"line":266,"column":4},"end":{"line":268,"column":5}},"type":"if","locations":[{"start":{"line":266,"column":4},"end":{"line":268,"column":5}},{"start":{},"end":{}}],"line":266},"56":{"loc":{"start":{"line":272,"column":6},"end":{"line":274,"column":7}},"type":"if","locations":[{"start":{"line":272,"column":6},"end":{"line":274,"column":7}},{"start":{},"end":{}}],"line":272},"57":{"loc":{"start":{"line":278,"column":4},"end":{"line":283,"column":5}},"type":"if","locations":[{"start":{"line":278,"column":4},"end":{"line":283,"column":5}},{"start":{},"end":{}}],"line":278},"58":{"loc":{"start":{"line":278,"column":8},"end":{"line":278,"column":48}},"type":"binary-expr","locations":[{"start":{"line":278,"column":8},"end":{"line":278,"column":16}},{"start":{"line":278,"column":20},"end":{"line":278,"column":48}}],"line":278},"59":{"loc":{"start":{"line":280,"column":6},"end":{"line":282,"column":7}},"type":"if","locations":[{"start":{"line":280,"column":6},"end":{"line":282,"column":7}},{"start":{},"end":{}}],"line":280},"60":{"loc":{"start":{"line":280,"column":10},"end":{"line":280,"column":57}},"type":"binary-expr","locations":[{"start":{"line":280,"column":10},"end":{"line":280,"column":25}},{"start":{"line":280,"column":29},"end":{"line":280,"column":57}}],"line":280},"61":{"loc":{"start":{"line":289,"column":24},"end":{"line":289,"column":48}},"type":"default-arg","locations":[{"start":{"line":289,"column":34},"end":{"line":289,"column":48}}],"line":289},"62":{"loc":{"start":{"line":290,"column":4},"end":{"line":293,"column":5}},"type":"if","locations":[{"start":{"line":290,"column":4},"end":{"line":293,"column":5}},{"start":{},"end":{}}],"line":290},"63":{"loc":{"start":{"line":355,"column":8},"end":{"line":355,"column":41}},"type":"if","locations":[{"start":{"line":355,"column":8},"end":{"line":355,"column":41}},{"start":{},"end":{}}],"line":355},"64":{"loc":{"start":{"line":384,"column":8},"end":{"line":390,"column":9}},"type":"if","locations":[{"start":{"line":384,"column":8},"end":{"line":390,"column":9}},{"start":{},"end":{}}],"line":384},"65":{"loc":{"start":{"line":385,"column":10},"end":{"line":389,"column":11}},"type":"if","locations":[{"start":{"line":385,"column":10},"end":{"line":389,"column":11}},{"start":{"line":387,"column":17},"end":{"line":389,"column":11}}],"line":385},"66":{"loc":{"start":{"line":393,"column":8},"end":{"line":395,"column":9}},"type":"if","locations":[{"start":{"line":393,"column":8},"end":{"line":395,"column":9}},{"start":{},"end":{}}],"line":393},"67":{"loc":{"start":{"line":408,"column":13},"end":{"line":408,"column":28}},"type":"default-arg","locations":[{"start":{"line":408,"column":22},"end":{"line":408,"column":28}}],"line":408},"68":{"loc":{"start":{"line":416,"column":13},"end":{"line":416,"column":28}},"type":"default-arg","locations":[{"start":{"line":416,"column":22},"end":{"line":416,"column":28}}],"line":416},"69":{"loc":{"start":{"line":425,"column":20},"end":{"line":425,"column":35}},"type":"default-arg","locations":[{"start":{"line":425,"column":29},"end":{"line":425,"column":35}}],"line":425},"70":{"loc":{"start":{"line":473,"column":10},"end":{"line":476,"column":11}},"type":"if","locations":[{"start":{"line":473,"column":10},"end":{"line":476,"column":11}},{"start":{},"end":{}}],"line":473},"71":{"loc":{"start":{"line":473,"column":14},"end":{"line":473,"column":42}},"type":"binary-expr","locations":[{"start":{"line":473,"column":14},"end":{"line":473,"column":25}},{"start":{"line":473,"column":29},"end":{"line":473,"column":42}}],"line":473},"72":{"loc":{"start":{"line":483,"column":12},"end":{"line":485,"column":13}},"type":"if","locations":[{"start":{"line":483,"column":12},"end":{"line":485,"column":13}},{"start":{},"end":{}}],"line":483},"73":{"loc":{"start":{"line":483,"column":16},"end":{"line":483,"column":52}},"type":"binary-expr","locations":[{"start":{"line":483,"column":16},"end":{"line":483,"column":22}},{"start":{"line":483,"column":26},"end":{"line":483,"column":52}}],"line":483},"74":{"loc":{"start":{"line":523,"column":12},"end":{"line":523,"column":76}},"type":"if","locations":[{"start":{"line":523,"column":12},"end":{"line":523,"column":76}},{"start":{},"end":{}}],"line":523},"75":{"loc":{"start":{"line":523,"column":16},"end":{"line":523,"column":57}},"type":"binary-expr","locations":[{"start":{"line":523,"column":16},"end":{"line":523,"column":32}},{"start":{"line":523,"column":36},"end":{"line":523,"column":57}}],"line":523}},"s":{"0":7,"1":7,"2":20,"3":5,"4":5,"5":1,"6":5,"7":3,"8":5,"9":5,"10":0,"11":15,"12":15,"13":45,"14":45,"15":45,"16":0,"17":45,"18":45,"19":45,"20":45,"21":45,"22":0,"23":45,"24":0,"25":45,"26":0,"27":45,"28":45,"29":0,"30":45,"31":15,"32":15,"33":0,"34":65,"35":65,"36":2,"37":2,"38":2,"39":2,"40":2,"41":2,"42":2,"43":2,"44":2,"45":0,"46":2,"47":0,"48":2,"49":2,"50":0,"51":0,"52":0,"53":2,"54":0,"55":0,"56":0,"57":0,"58":0,"59":1,"60":1,"61":0,"62":1,"63":0,"64":0,"65":0,"66":0,"67":3,"68":0,"69":3,"70":0,"71":3,"72":0,"73":3,"74":0,"75":3,"76":0,"77":3,"78":0,"79":0,"80":0,"81":3,"82":0,"83":0,"84":3,"85":3,"86":3,"87":0,"88":3,"89":0,"90":0,"91":0,"92":0,"93":3,"94":0,"95":0,"96":0,"97":0,"98":0,"99":0,"100":0,"101":0,"102":0,"103":0,"104":0,"105":0,"106":0,"107":0,"108":0,"109":0,"110":0,"111":0,"112":0,"113":0,"114":0,"115":0,"116":7,"117":7,"118":7,"119":0,"120":0,"121":3,"122":3,"123":3,"124":0,"125":3,"126":0,"127":0,"128":3,"129":3,"130":1,"131":1,"132":3,"133":3,"134":0,"135":0,"136":0,"137":0,"138":1,"139":1,"140":0,"141":0,"142":3,"143":3,"144":1,"145":1,"146":0,"147":2,"148":0,"149":2,"150":3,"151":3,"152":3,"153":2,"154":0,"155":1,"156":1,"157":1,"158":1,"159":1,"160":1,"161":1,"162":1,"163":1,"164":0,"165":0,"166":0,"167":1,"168":2,"169":1,"170":1,"171":1,"172":1,"173":1,"174":1,"175":1,"176":0,"177":0,"178":1,"179":0,"180":0,"181":0,"182":0,"183":0,"184":0,"185":0,"186":0,"187":0,"188":0,"189":0,"190":0,"191":0,"192":0,"193":0,"194":0,"195":0,"196":0,"197":0,"198":0,"199":0,"200":0},"f":{"0":20,"1":65,"2":65,"3":2,"4":0,"5":1,"6":3,"7":0,"8":0,"9":0,"10":7,"11":0,"12":3,"13":3,"14":0,"15":3,"16":0,"17":0,"18":3,"19":1,"20":3,"21":0,"22":1,"23":0,"24":3,"25":3,"26":2,"27":0,"28":1,"29":1,"30":1,"31":1,"32":1,"33":0,"34":0,"35":1,"36":0,"37":0,"38":0,"39":0,"40":0,"41":0,"42":0},"b":{"0":[9],"1":[17],"2":[5,15],"3":[1,4],"4":[3,2],"5":[5,3,0,0],"6":[0,45],"7":[45,0],"8":[45,45,0,0],"9":[0,45],"10":[0,45],"11":[45,45],"12":[0,45],"13":[45,0],"14":[15,0],"15":[0,0],"16":[0,2],"17":[2,2],"18":[0,2],"19":[2,2],"20":[2,0],"21":[2,2],"22":[0,0],"23":[0,0,0],"24":[1,0],"25":[0,1],"26":[0,0],"27":[0,3],"28":[3,3],"29":[0,3],"30":[0,3],"31":[3,0],"32":[0,3],"33":[3,0],"34":[0,3],"35":[3,0],"36":[0,3],"37":[3,0],"38":[0,0],"39":[0,0],"40":[0,0],"41":[0,0],"42":[0,3],"43":[3,0],"44":[0,3],"45":[0,0],"46":[0,0],"47":[0,0],"48":[0,0],"49":[0,0],"50":[0,0],"51":[0,0],"52":[0,0],"53":[0,0],"54":[0,0],"55":[0,0],"56":[0,0],"57":[0,0],"58":[0,0],"59":[0,0],"60":[0,0],"61":[0],"62":[7,0],"63":[0,0],"64":[1,2],"65":[1,0],"66":[0,2],"67":[0],"68":[0],"69":[0],"70":[1,1],"71":[2,1],"72":[1,0],"73":[1,1],"74":[0,0],"75":[0,0]},"_coverageSchema":"1a1c01bbd47fc00a2c39e90264f33305004495a9","hash":"5f7a686c65f7b24e25f38e931f2576c0313306cf"}
,"/Users/cansaragih/Documents/BOOTCAMP/PHASE 2/INDIVIDUAL PROJECT/IP-RMT60/server/__test__/utils/TestCase.js": {"path":"/Users/cansaragih/Documents/BOOTCAMP/PHASE 2/INDIVIDUAL PROJECT/IP-RMT60/server/__test__/utils/TestCase.js","statementMap":{"0":{"start":{"line":6,"column":4},"end":{"line":6,"column":47}},"1":{"start":{"line":7,"column":4},"end":{"line":7,"column":42}},"2":{"start":{"line":8,"column":4},"end":{"line":8,"column":36}},"3":{"start":{"line":9,"column":4},"end":{"line":9,"column":37}},"4":{"start":{"line":10,"column":4},"end":{"line":10,"column":39}},"5":{"start":{"line":11,"column":4},"end":{"line":11,"column":58}},"6":{"start":{"line":12,"column":4},"end":{"line":12,"column":60}},"7":{"start":{"line":12,"column":41},"end":{"line":12,"column":58}},"8":{"start":{"line":13,"column":4},"end":{"line":13,"column":66}},"9":{"start":{"line":13,"column":47},"end":{"line":13,"column":64}},"10":{"start":{"line":14,"column":4},"end":{"line":14,"column":57}},"11":{"start":{"line":14,"column":51},"end":{"line":14,"column":55}},"12":{"start":{"line":15,"column":4},"end":{"line":15,"column":48}},"13":{"start":{"line":16,"column":4},"end":{"line":16,"column":41}},"14":{"start":{"line":19,"column":4},"end":{"line":19,"column":26}},"15":{"start":{"line":24,"column":4},"end":{"line":24,"column":23}},"16":{"start":{"line":25,"column":4},"end":{"line":25,"column":16}},"17":{"start":{"line":30,"column":4},"end":{"line":30,"column":21}},"18":{"start":{"line":31,"column":4},"end":{"line":31,"column":16}},"19":{"start":{"line":36,"column":4},"end":{"line":36,"column":51}},"20":{"start":{"line":37,"column":4},"end":{"line":37,"column":16}},"21":{"start":{"line":42,"column":4},"end":{"line":42,"column":25}},"22":{"start":{"line":43,"column":4},"end":{"line":43,"column":16}},"23":{"start":{"line":48,"column":4},"end":{"line":48,"column":51}},"24":{"start":{"line":50,"column":4},"end":{"line":90,"column":5}},"25":{"start":{"line":52,"column":6},"end":{"line":52,"column":37}},"26":{"start":{"line":55,"column":6},"end":{"line":62,"column":8}},"27":{"start":{"line":65,"column":6},"end":{"line":69,"column":7}},"28":{"start":{"line":66,"column":8},"end":{"line":66,"column":73}},"29":{"start":{"line":67,"column":13},"end":{"line":69,"column":7}},"30":{"start":{"line":68,"column":8},"end":{"line":68,"column":68}},"31":{"start":{"line":72,"column":6},"end":{"line":72,"column":58}},"32":{"start":{"line":75,"column":6},"end":{"line":75,"column":56}},"33":{"start":{"line":77,"column":6},"end":{"line":81,"column":8}},"34":{"start":{"line":83,"column":6},"end":{"line":83,"column":63}},"35":{"start":{"line":84,"column":6},"end":{"line":89,"column":8}},"36":{"start":{"line":95,"column":4},"end":{"line":95,"column":26}},"37":{"start":{"line":99,"column":0},"end":{"line":99,"column":26}}},"fnMap":{"0":{"name":"(anonymous_0)","decl":{"start":{"line":5,"column":2},"end":{"line":5,"column":3}},"loc":{"start":{"line":5,"column":28},"end":{"line":20,"column":3}},"line":5},"1":{"name":"(anonymous_1)","decl":{"start":{"line":12,"column":35},"end":{"line":12,"column":36}},"loc":{"start":{"line":12,"column":41},"end":{"line":12,"column":58}},"line":12},"2":{"name":"(anonymous_2)","decl":{"start":{"line":13,"column":41},"end":{"line":13,"column":42}},"loc":{"start":{"line":13,"column":47},"end":{"line":13,"column":64}},"line":13},"3":{"name":"(anonymous_3)","decl":{"start":{"line":14,"column":45},"end":{"line":14,"column":46}},"loc":{"start":{"line":14,"column":51},"end":{"line":14,"column":55}},"line":14},"4":{"name":"(anonymous_4)","decl":{"start":{"line":23,"column":2},"end":{"line":23,"column":3}},"loc":{"start":{"line":23,"column":19},"end":{"line":26,"column":3}},"line":23},"5":{"name":"(anonymous_5)","decl":{"start":{"line":29,"column":2},"end":{"line":29,"column":3}},"loc":{"start":{"line":29,"column":17},"end":{"line":32,"column":3}},"line":29},"6":{"name":"(anonymous_6)","decl":{"start":{"line":35,"column":2},"end":{"line":35,"column":3}},"loc":{"start":{"line":35,"column":23},"end":{"line":38,"column":3}},"line":35},"7":{"name":"(anonymous_7)","decl":{"start":{"line":41,"column":2},"end":{"line":41,"column":3}},"loc":{"start":{"line":41,"column":21},"end":{"line":44,"column":3}},"line":41},"8":{"name":"(anonymous_8)","decl":{"start":{"line":47,"column":2},"end":{"line":47,"column":3}},"loc":{"start":{"line":47,"column":30},"end":{"line":91,"column":3}},"line":47},"9":{"name":"(anonymous_9)","decl":{"start":{"line":94,"column":2},"end":{"line":94,"column":3}},"loc":{"start":{"line":94,"column":17},"end":{"line":96,"column":3}},"line":94}},"branchMap":{"0":{"loc":{"start":{"line":5,"column":14},"end":{"line":5,"column":26}},"type":"default-arg","locations":[{"start":{"line":5,"column":24},"end":{"line":5,"column":26}}],"line":5},"1":{"loc":{"start":{"line":6,"column":16},"end":{"line":6,"column":46}},"type":"binary-expr","locations":[{"start":{"line":6,"column":16},"end":{"line":6,"column":28}},{"start":{"line":6,"column":32},"end":{"line":6,"column":46}}],"line":6},"2":{"loc":{"start":{"line":7,"column":18},"end":{"line":7,"column":41}},"type":"binary-expr","locations":[{"start":{"line":7,"column":18},"end":{"line":7,"column":32}},{"start":{"line":7,"column":36},"end":{"line":7,"column":41}}],"line":7},"3":{"loc":{"start":{"line":8,"column":16},"end":{"line":8,"column":35}},"type":"binary-expr","locations":[{"start":{"line":8,"column":16},"end":{"line":8,"column":28}},{"start":{"line":8,"column":32},"end":{"line":8,"column":35}}],"line":8},"4":{"loc":{"start":{"line":9,"column":16},"end":{"line":9,"column":36}},"type":"binary-expr","locations":[{"start":{"line":9,"column":16},"end":{"line":9,"column":28}},{"start":{"line":9,"column":32},"end":{"line":9,"column":36}}],"line":9},"5":{"loc":{"start":{"line":10,"column":17},"end":{"line":10,"column":38}},"type":"binary-expr","locations":[{"start":{"line":10,"column":17},"end":{"line":10,"column":30}},{"start":{"line":10,"column":34},"end":{"line":10,"column":38}}],"line":10},"6":{"loc":{"start":{"line":11,"column":26},"end":{"line":11,"column":57}},"type":"binary-expr","locations":[{"start":{"line":11,"column":26},"end":{"line":11,"column":48}},{"start":{"line":11,"column":52},"end":{"line":11,"column":57}}],"line":11},"7":{"loc":{"start":{"line":12,"column":17},"end":{"line":12,"column":59}},"type":"binary-expr","locations":[{"start":{"line":12,"column":17},"end":{"line":12,"column":30}},{"start":{"line":12,"column":35},"end":{"line":12,"column":58}}],"line":12},"8":{"loc":{"start":{"line":13,"column":20},"end":{"line":13,"column":65}},"type":"binary-expr","locations":[{"start":{"line":13,"column":20},"end":{"line":13,"column":36}},{"start":{"line":13,"column":41},"end":{"line":13,"column":64}}],"line":13},"9":{"loc":{"start":{"line":14,"column":22},"end":{"line":14,"column":56}},"type":"binary-expr","locations":[{"start":{"line":14,"column":22},"end":{"line":14,"column":40}},{"start":{"line":14,"column":45},"end":{"line":14,"column":55}}],"line":14},"10":{"loc":{"start":{"line":15,"column":23},"end":{"line":15,"column":47}},"type":"binary-expr","locations":[{"start":{"line":15,"column":23},"end":{"line":15,"column":42}},{"start":{"line":15,"column":46},"end":{"line":15,"column":47}}],"line":15},"11":{"loc":{"start":{"line":16,"column":19},"end":{"line":16,"column":40}},"type":"binary-expr","locations":[{"start":{"line":16,"column":19},"end":{"line":16,"column":34}},{"start":{"line":16,"column":38},"end":{"line":16,"column":40}}],"line":16},"12":{"loc":{"start":{"line":65,"column":6},"end":{"line":69,"column":7}},"type":"if","locations":[{"start":{"line":65,"column":6},"end":{"line":69,"column":7}},{"start":{"line":67,"column":13},"end":{"line":69,"column":7}}],"line":65},"13":{"loc":{"start":{"line":67,"column":13},"end":{"line":69,"column":7}},"type":"if","locations":[{"start":{"line":67,"column":13},"end":{"line":69,"column":7}},{"start":{},"end":{}}],"line":67}},"s":{"0":2,"1":2,"2":2,"3":2,"4":2,"5":2,"6":2,"7":2,"8":2,"9":0,"10":2,"11":0,"12":2,"13":2,"14":2,"15":0,"16":0,"17":0,"18":0,"19":0,"20":0,"21":0,"22":0,"23":2,"24":2,"25":2,"26":2,"27":2,"28":1,"29":1,"30":1,"31":0,"32":0,"33":0,"34":2,"35":2,"36":0,"37":1},"f":{"0":2,"1":2,"2":0,"3":0,"4":0,"5":0,"6":0,"7":0,"8":2,"9":0},"b":{"0":[0],"1":[2,0],"2":[2,0],"3":[2,0],"4":[2,0],"5":[2,2],"6":[2,0],"7":[2,2],"8":[2,2],"9":[2,1],"10":[2,2],"11":[2,0],"12":[1,1],"13":[1,0]},"_coverageSchema":"1a1c01bbd47fc00a2c39e90264f33305004495a9","hash":"301cd9a127e1721a10f9695c2e1db492f3a48e5f"}
,"/Users/cansaragih/Documents/BOOTCAMP/PHASE 2/INDIVIDUAL PROJECT/IP-RMT60/server/controllers/AiController.js": {"path":"/Users/cansaragih/Documents/BOOTCAMP/PHASE 2/INDIVIDUAL PROJECT/IP-RMT60/server/controllers/AiController.js","statementMap":{"0":{"start":{"line":1,"column":22},"end":{"line":1,"column":53}},"1":{"start":{"line":2,"column":28},"end":{"line":2,"column":48}},"2":{"start":{"line":4,"column":0},"end":{"line":91,"column":2}},"3":{"start":{"line":6,"column":4},"end":{"line":32,"column":5}},"4":{"start":{"line":7,"column":58},"end":{"line":7,"column":66}},"5":{"start":{"line":8,"column":6},"end":{"line":10,"column":7}},"6":{"start":{"line":9,"column":8},"end":{"line":9,"column":65}},"7":{"start":{"line":12,"column":21},"end":{"line":21,"column":9}},"8":{"start":{"line":23,"column":29},"end":{"line":23,"column":56}},"9":{"start":{"line":25,"column":6},"end":{"line":27,"column":9}},"10":{"start":{"line":29,"column":6},"end":{"line":29,"column":53}},"11":{"start":{"line":31,"column":6},"end":{"line":31,"column":18}},"12":{"start":{"line":36,"column":4},"end":{"line":89,"column":5}},"13":{"start":{"line":37,"column":6},"end":{"line":37,"column":41}},"14":{"start":{"line":38,"column":6},"end":{"line":38,"column":37}},"15":{"start":{"line":40,"column":25},"end":{"line":40,"column":35}},"16":{"start":{"line":41,"column":19},"end":{"line":41,"column":46}},"17":{"start":{"line":42,"column":6},"end":{"line":42,"column":71}},"18":{"start":{"line":42,"column":17},"end":{"line":42,"column":71}},"19":{"start":{"line":44,"column":26},"end":{"line":44,"column":72}},"20":{"start":{"line":47,"column":28},"end":{"line":54,"column":19}},"21":{"start":{"line":50,"column":12},"end":{"line":52,"column":15}},"22":{"start":{"line":56,"column":21},"end":{"line":66,"column":7}},"23":{"start":{"line":68,"column":23},"end":{"line":68,"column":50}},"24":{"start":{"line":70,"column":28},"end":{"line":73,"column":15}},"25":{"start":{"line":76,"column":47},"end":{"line":76,"column":72}},"26":{"start":{"line":79,"column":6},"end":{"line":79,"column":58}},"27":{"start":{"line":81,"column":6},"end":{"line":85,"column":9}},"28":{"start":{"line":87,"column":6},"end":{"line":87,"column":25}},"29":{"start":{"line":88,"column":6},"end":{"line":88,"column":18}}},"fnMap":{"0":{"name":"(anonymous_0)","decl":{"start":{"line":5,"column":2},"end":{"line":5,"column":3}},"loc":{"start":{"line":5,"column":44},"end":{"line":33,"column":3}},"line":5},"1":{"name":"(anonymous_1)","decl":{"start":{"line":35,"column":2},"end":{"line":35,"column":3}},"loc":{"start":{"line":35,"column":50},"end":{"line":90,"column":3}},"line":35},"2":{"name":"(anonymous_2)","decl":{"start":{"line":49,"column":10},"end":{"line":49,"column":11}},"loc":{"start":{"line":50,"column":12},"end":{"line":52,"column":15}},"line":50}},"branchMap":{"0":{"loc":{"start":{"line":8,"column":6},"end":{"line":10,"column":7}},"type":"if","locations":[{"start":{"line":8,"column":6},"end":{"line":10,"column":7}},{"start":{},"end":{}}],"line":8},"1":{"loc":{"start":{"line":8,"column":10},"end":{"line":8,"column":59}},"type":"binary-expr","locations":[{"start":{"line":8,"column":10},"end":{"line":8,"column":22}},{"start":{"line":8,"column":26},"end":{"line":8,"column":31}},{"start":{"line":8,"column":35},"end":{"line":8,"column":46}},{"start":{"line":8,"column":50},"end":{"line":8,"column":59}}],"line":8},"2":{"loc":{"start":{"line":42,"column":6},"end":{"line":42,"column":71}},"type":"if","locations":[{"start":{"line":42,"column":6},"end":{"line":42,"column":71}},{"start":{},"end":{}}],"line":42},"3":{"loc":{"start":{"line":51,"column":14},"end":{"line":51,"column":38}},"type":"binary-expr","locations":[{"start":{"line":51,"column":14},"end":{"line":51,"column":24}},{"start":{"line":51,"column":28},"end":{"line":51,"column":38}}],"line":51}},"s":{"0":7,"1":7,"2":7,"3":0,"4":0,"5":0,"6":0,"7":0,"8":0,"9":0,"10":0,"11":0,"12":0,"13":0,"14":0,"15":0,"16":0,"17":0,"18":0,"19":0,"20":0,"21":0,"22":0,"23":0,"24":0,"25":0,"26":0,"27":0,"28":0,"29":0},"f":{"0":0,"1":0,"2":0},"b":{"0":[0,0],"1":[0,0,0,0],"2":[0,0],"3":[0,0]},"_coverageSchema":"1a1c01bbd47fc00a2c39e90264f33305004495a9","hash":"7c1d8c91791b95b3c8c7556b4f414e43472b705f"}
,"/Users/cansaragih/Documents/BOOTCAMP/PHASE 2/INDIVIDUAL PROJECT/IP-RMT60/server/controllers/ItineraryController.js": {"path":"/Users/cansaragih/Documents/BOOTCAMP/PHASE 2/INDIVIDUAL PROJECT/IP-RMT60/server/controllers/ItineraryController.js","statementMap":{"0":{"start":{"line":1,"column":22},"end":{"line":1,"column":42}},"1":{"start":{"line":3,"column":0},"end":{"line":72,"column":2}},"2":{"start":{"line":5,"column":4},"end":{"line":17,"column":5}},"3":{"start":{"line":6,"column":25},"end":{"line":6,"column":35}},"4":{"start":{"line":7,"column":24},"end":{"line":12,"column":8}},"5":{"start":{"line":13,"column":6},"end":{"line":13,"column":26}},"6":{"start":{"line":15,"column":6},"end":{"line":15,"column":25}},"7":{"start":{"line":16,"column":6},"end":{"line":16,"column":18}},"8":{"start":{"line":21,"column":4},"end":{"line":35,"column":5}},"9":{"start":{"line":22,"column":25},"end":{"line":22,"column":35}},"10":{"start":{"line":23,"column":55},"end":{"line":23,"column":63}},"11":{"start":{"line":24,"column":24},"end":{"line":30,"column":8}},"12":{"start":{"line":31,"column":6},"end":{"line":31,"column":38}},"13":{"start":{"line":33,"column":6},"end":{"line":33,"column":25}},"14":{"start":{"line":34,"column":6},"end":{"line":34,"column":18}},"15":{"start":{"line":39,"column":4},"end":{"line":56,"column":5}},"16":{"start":{"line":40,"column":21},"end":{"line":40,"column":31}},"17":{"start":{"line":41,"column":55},"end":{"line":41,"column":63}},"18":{"start":{"line":42,"column":24},"end":{"line":42,"column":52}},"19":{"start":{"line":43,"column":6},"end":{"line":44,"column":67}},"20":{"start":{"line":44,"column":8},"end":{"line":44,"column":67}},"21":{"start":{"line":46,"column":6},"end":{"line":46,"column":61}},"22":{"start":{"line":47,"column":6},"end":{"line":47,"column":58}},"23":{"start":{"line":48,"column":6},"end":{"line":48,"column":58}},"24":{"start":{"line":49,"column":6},"end":{"line":49,"column":49}},"25":{"start":{"line":51,"column":6},"end":{"line":51,"column":29}},"26":{"start":{"line":52,"column":6},"end":{"line":52,"column":38}},"27":{"start":{"line":54,"column":6},"end":{"line":54,"column":25}},"28":{"start":{"line":55,"column":6},"end":{"line":55,"column":18}},"29":{"start":{"line":60,"column":4},"end":{"line":70,"column":5}},"30":{"start":{"line":61,"column":21},"end":{"line":61,"column":31}},"31":{"start":{"line":62,"column":24},"end":{"line":62,"column":52}},"32":{"start":{"line":63,"column":6},"end":{"line":64,"column":67}},"33":{"start":{"line":64,"column":8},"end":{"line":64,"column":67}},"34":{"start":{"line":65,"column":6},"end":{"line":65,"column":32}},"35":{"start":{"line":66,"column":6},"end":{"line":66,"column":61}},"36":{"start":{"line":68,"column":6},"end":{"line":68,"column":25}},"37":{"start":{"line":69,"column":6},"end":{"line":69,"column":18}}},"fnMap":{"0":{"name":"(anonymous_0)","decl":{"start":{"line":4,"column":2},"end":{"line":4,"column":3}},"loc":{"start":{"line":4,"column":54},"end":{"line":18,"column":3}},"line":4},"1":{"name":"(anonymous_1)","decl":{"start":{"line":20,"column":2},"end":{"line":20,"column":3}},"loc":{"start":{"line":20,"column":47},"end":{"line":36,"column":3}},"line":20},"2":{"name":"(anonymous_2)","decl":{"start":{"line":38,"column":2},"end":{"line":38,"column":3}},"loc":{"start":{"line":38,"column":47},"end":{"line":57,"column":3}},"line":38},"3":{"name":"(anonymous_3)","decl":{"start":{"line":59,"column":2},"end":{"line":59,"column":3}},"loc":{"start":{"line":59,"column":47},"end":{"line":71,"column":3}},"line":59}},"branchMap":{"0":{"loc":{"start":{"line":43,"column":6},"end":{"line":44,"column":67}},"type":"if","locations":[{"start":{"line":43,"column":6},"end":{"line":44,"column":67}},{"start":{},"end":{}}],"line":43},"1":{"loc":{"start":{"line":46,"column":28},"end":{"line":46,"column":60}},"type":"binary-expr","locations":[{"start":{"line":46,"column":28},"end":{"line":46,"column":37}},{"start":{"line":46,"column":41},"end":{"line":46,"column":60}}],"line":46},"2":{"loc":{"start":{"line":47,"column":27},"end":{"line":47,"column":57}},"type":"binary-expr","locations":[{"start":{"line":47,"column":27},"end":{"line":47,"column":35}},{"start":{"line":47,"column":39},"end":{"line":47,"column":57}}],"line":47},"3":{"loc":{"start":{"line":48,"column":27},"end":{"line":48,"column":57}},"type":"binary-expr","locations":[{"start":{"line":48,"column":27},"end":{"line":48,"column":35}},{"start":{"line":48,"column":39},"end":{"line":48,"column":57}}],"line":48},"4":{"loc":{"start":{"line":49,"column":24},"end":{"line":49,"column":48}},"type":"binary-expr","locations":[{"start":{"line":49,"column":24},"end":{"line":49,"column":29}},{"start":{"line":49,"column":33},"end":{"line":49,"column":48}}],"line":49},"5":{"loc":{"start":{"line":63,"column":6},"end":{"line":64,"column":67}},"type":"if","locations":[{"start":{"line":63,"column":6},"end":{"line":64,"column":67}},{"start":{},"end":{}}],"line":63}},"s":{"0":7,"1":7,"2":0,"3":0,"4":0,"5":0,"6":0,"7":0,"8":0,"9":0,"10":0,"11":0,"12":0,"13":0,"14":0,"15":0,"16":0,"17":0,"18":0,"19":0,"20":0,"21":0,"22":0,"23":0,"24":0,"25":0,"26":0,"27":0,"28":0,"29":0,"30":0,"31":0,"32":0,"33":0,"34":0,"35":0,"36":0,"37":0},"f":{"0":0,"1":0,"2":0,"3":0},"b":{"0":[0,0],"1":[0,0],"2":[0,0],"3":[0,0],"4":[0,0],"5":[0,0]},"_coverageSchema":"1a1c01bbd47fc00a2c39e90264f33305004495a9","hash":"ee85ba283fa7e74cff6a29681dd9396bc540b9c0"}
,"/Users/cansaragih/Documents/BOOTCAMP/PHASE 2/INDIVIDUAL PROJECT/IP-RMT60/server/controllers/PublicController.js": {"path":"/Users/cansaragih/Documents/BOOTCAMP/PHASE 2/INDIVIDUAL PROJECT/IP-RMT60/server/controllers/PublicController.js","statementMap":{"0":{"start":{"line":1,"column":43},"end":{"line":1,"column":63}},"1":{"start":{"line":3,"column":0},"end":{"line":32,"column":2}},"2":{"start":{"line":5,"column":4},"end":{"line":13,"column":5}},"3":{"start":{"line":6,"column":27},"end":{"line":8,"column":8}},"4":{"start":{"line":10,"column":6},"end":{"line":10,"column":41}},"5":{"start":{"line":12,"column":6},"end":{"line":12,"column":18}},"6":{"start":{"line":17,"column":4},"end":{"line":30,"column":5}},"7":{"start":{"line":18,"column":21},"end":{"line":18,"column":31}},"8":{"start":{"line":19,"column":26},"end":{"line":21,"column":8}},"9":{"start":{"line":23,"column":6},"end":{"line":25,"column":7}},"10":{"start":{"line":24,"column":8},"end":{"line":24,"column":69}},"11":{"start":{"line":27,"column":6},"end":{"line":27,"column":40}},"12":{"start":{"line":29,"column":6},"end":{"line":29,"column":18}}},"fnMap":{"0":{"name":"(anonymous_0)","decl":{"start":{"line":4,"column":2},"end":{"line":4,"column":3}},"loc":{"start":{"line":4,"column":50},"end":{"line":14,"column":3}},"line":4},"1":{"name":"(anonymous_1)","decl":{"start":{"line":16,"column":2},"end":{"line":16,"column":3}},"loc":{"start":{"line":16,"column":53},"end":{"line":31,"column":3}},"line":16}},"branchMap":{"0":{"loc":{"start":{"line":23,"column":6},"end":{"line":25,"column":7}},"type":"if","locations":[{"start":{"line":23,"column":6},"end":{"line":25,"column":7}},{"start":{},"end":{}}],"line":23}},"s":{"0":7,"1":7,"2":1,"3":1,"4":1,"5":0,"6":1,"7":1,"8":1,"9":1,"10":0,"11":1,"12":0},"f":{"0":1,"1":1},"b":{"0":[0,1]},"_coverageSchema":"1a1c01bbd47fc00a2c39e90264f33305004495a9","hash":"1d9483377c87999500aca4f480e41a9372631ead"}
,"/Users/cansaragih/Documents/BOOTCAMP/PHASE 2/INDIVIDUAL PROJECT/IP-RMT60/server/controllers/TripController.js": {"path":"/Users/cansaragih/Documents/BOOTCAMP/PHASE 2/INDIVIDUAL PROJECT/IP-RMT60/server/controllers/TripController.js","statementMap":{"0":{"start":{"line":1,"column":22},"end":{"line":1,"column":53}},"1":{"start":{"line":2,"column":23},"end":{"line":2,"column":43}},"2":{"start":{"line":4,"column":14},"end":{"line":4,"column":30}},"3":{"start":{"line":6,"column":0},"end":{"line":159,"column":2}},"4":{"start":{"line":8,"column":4},"end":{"line":21,"column":5}},"5":{"start":{"line":9,"column":25},"end":{"line":9,"column":34}},"6":{"start":{"line":11,"column":6},"end":{"line":13,"column":7}},"7":{"start":{"line":12,"column":8},"end":{"line":12,"column":68}},"8":{"start":{"line":15,"column":29},"end":{"line":15,"column":56}},"9":{"start":{"line":16,"column":6},"end":{"line":16,"column":55}},"10":{"start":{"line":18,"column":6},"end":{"line":18,"column":25}},"11":{"start":{"line":20,"column":6},"end":{"line":20,"column":18}},"12":{"start":{"line":25,"column":4},"end":{"line":32,"column":5}},"13":{"start":{"line":26,"column":25},"end":{"line":26,"column":35}},"14":{"start":{"line":27,"column":19},"end":{"line":27,"column":46}},"15":{"start":{"line":28,"column":6},"end":{"line":28,"column":44}},"16":{"start":{"line":28,"column":17},"end":{"line":28,"column":44}},"17":{"start":{"line":29,"column":6},"end":{"line":29,"column":21}},"18":{"start":{"line":31,"column":6},"end":{"line":31,"column":16}},"19":{"start":{"line":36,"column":4},"end":{"line":61,"column":5}},"20":{"start":{"line":44,"column":10},"end":{"line":44,"column":18}},"21":{"start":{"line":45,"column":21},"end":{"line":45,"column":32}},"22":{"start":{"line":46,"column":22},"end":{"line":55,"column":8}},"23":{"start":{"line":57,"column":6},"end":{"line":57,"column":36}},"24":{"start":{"line":59,"column":6},"end":{"line":59,"column":51}},"25":{"start":{"line":60,"column":6},"end":{"line":60,"column":18}},"26":{"start":{"line":65,"column":4},"end":{"line":85,"column":5}},"27":{"start":{"line":66,"column":24},"end":{"line":66,"column":33}},"28":{"start":{"line":67,"column":21},"end":{"line":67,"column":52}},"29":{"start":{"line":68,"column":23},"end":{"line":68,"column":28}},"30":{"start":{"line":70,"column":18},"end":{"line":72,"column":23}},"31":{"start":{"line":74,"column":23},"end":{"line":74,"column":43}},"32":{"start":{"line":76,"column":6},"end":{"line":80,"column":7}},"33":{"start":{"line":77,"column":8},"end":{"line":79,"column":66}},"34":{"start":{"line":82,"column":6},"end":{"line":82,"column":29}},"35":{"start":{"line":84,"column":6},"end":{"line":84,"column":18}},"36":{"start":{"line":89,"column":4},"end":{"line":98,"column":5}},"37":{"start":{"line":90,"column":22},"end":{"line":90,"column":31}},"38":{"start":{"line":91,"column":21},"end":{"line":91,"column":52}},"39":{"start":{"line":92,"column":23},"end":{"line":92,"column":123}},"40":{"start":{"line":94,"column":23},"end":{"line":94,"column":76}},"41":{"start":{"line":95,"column":6},"end":{"line":95,"column":30}},"42":{"start":{"line":97,"column":6},"end":{"line":97,"column":18}},"43":{"start":{"line":102,"column":25},"end":{"line":102,"column":34}},"44":{"start":{"line":104,"column":4},"end":{"line":104,"column":77}},"45":{"start":{"line":104,"column":19},"end":{"line":104,"column":77}},"46":{"start":{"line":106,"column":4},"end":{"line":123,"column":5}},"47":{"start":{"line":107,"column":23},"end":{"line":118,"column":7}},"48":{"start":{"line":120,"column":6},"end":{"line":120,"column":37}},"49":{"start":{"line":122,"column":6},"end":{"line":122,"column":18}},"50":{"start":{"line":127,"column":4},"end":{"line":143,"column":5}},"51":{"start":{"line":128,"column":25},"end":{"line":128,"column":35}},"52":{"start":{"line":129,"column":46},"end":{"line":129,"column":54}},"53":{"start":{"line":131,"column":19},"end":{"line":131,"column":46}},"54":{"start":{"line":132,"column":6},"end":{"line":132,"column":71}},"55":{"start":{"line":132,"column":17},"end":{"line":132,"column":71}},"56":{"start":{"line":134,"column":6},"end":{"line":134,"column":25}},"57":{"start":{"line":135,"column":6},"end":{"line":135,"column":54}},"58":{"start":{"line":136,"column":6},"end":{"line":136,"column":48}},"59":{"start":{"line":138,"column":6},"end":{"line":138,"column":24}},"60":{"start":{"line":139,"column":6},"end":{"line":139,"column":33}},"61":{"start":{"line":141,"column":6},"end":{"line":141,"column":25}},"62":{"start":{"line":142,"column":6},"end":{"line":142,"column":18}},"63":{"start":{"line":147,"column":4},"end":{"line":157,"column":5}},"64":{"start":{"line":148,"column":6},"end":{"line":152,"column":9}},"65":{"start":{"line":153,"column":6},"end":{"line":153,"column":69}},"66":{"start":{"line":155,"column":6},"end":{"line":155,"column":25}},"67":{"start":{"line":156,"column":6},"end":{"line":156,"column":18}}},"fnMap":{"0":{"name":"(anonymous_0)","decl":{"start":{"line":7,"column":2},"end":{"line":7,"column":3}},"loc":{"start":{"line":7,"column":43},"end":{"line":22,"column":3}},"line":7},"1":{"name":"(anonymous_1)","decl":{"start":{"line":24,"column":2},"end":{"line":24,"column":3}},"loc":{"start":{"line":24,"column":43},"end":{"line":33,"column":3}},"line":24},"2":{"name":"(anonymous_2)","decl":{"start":{"line":35,"column":2},"end":{"line":35,"column":3}},"loc":{"start":{"line":35,"column":43},"end":{"line":62,"column":3}},"line":35},"3":{"name":"(anonymous_3)","decl":{"start":{"line":64,"column":2},"end":{"line":64,"column":3}},"loc":{"start":{"line":64,"column":45},"end":{"line":86,"column":3}},"line":64},"4":{"name":"(anonymous_4)","decl":{"start":{"line":88,"column":2},"end":{"line":88,"column":3}},"loc":{"start":{"line":88,"column":46},"end":{"line":99,"column":3}},"line":88},"5":{"name":"(anonymous_5)","decl":{"start":{"line":101,"column":2},"end":{"line":101,"column":3}},"loc":{"start":{"line":101,"column":47},"end":{"line":124,"column":3}},"line":101},"6":{"name":"(anonymous_6)","decl":{"start":{"line":126,"column":2},"end":{"line":126,"column":3}},"loc":{"start":{"line":126,"column":42},"end":{"line":144,"column":3}},"line":126},"7":{"name":"(anonymous_7)","decl":{"start":{"line":146,"column":2},"end":{"line":146,"column":3}},"loc":{"start":{"line":146,"column":42},"end":{"line":158,"column":3}},"line":146}},"branchMap":{"0":{"loc":{"start":{"line":11,"column":6},"end":{"line":13,"column":7}},"type":"if","locations":[{"start":{"line":11,"column":6},"end":{"line":13,"column":7}},{"start":{},"end":{}}],"line":11},"1":{"loc":{"start":{"line":28,"column":6},"end":{"line":28,"column":44}},"type":"if","locations":[{"start":{"line":28,"column":6},"end":{"line":28,"column":44}},{"start":{},"end":{}}],"line":28},"2":{"loc":{"start":{"line":76,"column":6},"end":{"line":80,"column":7}},"type":"if","locations":[{"start":{"line":76,"column":6},"end":{"line":80,"column":7}},{"start":{},"end":{}}],"line":76},"3":{"loc":{"start":{"line":76,"column":10},"end":{"line":76,"column":32}},"type":"binary-expr","locations":[{"start":{"line":76,"column":10},"end":{"line":76,"column":15}},{"start":{"line":76,"column":19},"end":{"line":76,"column":32}}],"line":76},"4":{"loc":{"start":{"line":104,"column":4},"end":{"line":104,"column":77}},"type":"if","locations":[{"start":{"line":104,"column":4},"end":{"line":104,"column":77}},{"start":{},"end":{}}],"line":104},"5":{"loc":{"start":{"line":132,"column":6},"end":{"line":132,"column":71}},"type":"if","locations":[{"start":{"line":132,"column":6},"end":{"line":132,"column":71}},{"start":{},"end":{}}],"line":132},"6":{"loc":{"start":{"line":135,"column":24},"end":{"line":135,"column":53}},"type":"binary-expr","locations":[{"start":{"line":135,"column":24},"end":{"line":135,"column":34}},{"start":{"line":135,"column":38},"end":{"line":135,"column":53}}],"line":135},"7":{"loc":{"start":{"line":136,"column":22},"end":{"line":136,"column":47}},"type":"binary-expr","locations":[{"start":{"line":136,"column":22},"end":{"line":136,"column":30}},{"start":{"line":136,"column":34},"end":{"line":136,"column":47}}],"line":136}},"s":{"0":7,"1":7,"2":7,"3":7,"4":0,"5":0,"6":0,"7":0,"8":0,"9":0,"10":0,"11":0,"12":0,"13":0,"14":0,"15":0,"16":0,"17":0,"18":0,"19":0,"20":0,"21":0,"22":0,"23":0,"24":0,"25":0,"26":0,"27":0,"28":0,"29":0,"30":0,"31":0,"32":0,"33":0,"34":0,"35":0,"36":0,"37":0,"38":0,"39":0,"40":0,"41":0,"42":0,"43":0,"44":0,"45":0,"46":0,"47":0,"48":0,"49":0,"50":0,"51":0,"52":0,"53":0,"54":0,"55":0,"56":0,"57":0,"58":0,"59":0,"60":0,"61":0,"62":0,"63":0,"64":0,"65":0,"66":0,"67":0},"f":{"0":0,"1":0,"2":0,"3":0,"4":0,"5":0,"6":0,"7":0},"b":{"0":[0,0],"1":[0,0],"2":[0,0],"3":[0,0],"4":[0,0],"5":[0,0],"6":[0,0],"7":[0,0]},"_coverageSchema":"1a1c01bbd47fc00a2c39e90264f33305004495a9","hash":"37d5537d1594f8f43abd36d1e4d592cca67a0b46"}
,"/Users/cansaragih/Documents/BOOTCAMP/PHASE 2/INDIVIDUAL PROJECT/IP-RMT60/server/controllers/UserController.js": {"path":"/Users/cansaragih/Documents/BOOTCAMP/PHASE 2/INDIVIDUAL PROJECT/IP-RMT60/server/controllers/UserController.js","statementMap":{"0":{"start":{"line":1,"column":22},"end":{"line":1,"column":47}},"1":{"start":{"line":2,"column":23},"end":{"line":2,"column":43}},"2":{"start":{"line":3,"column":25},"end":{"line":3,"column":55}},"3":{"start":{"line":4,"column":15},"end":{"line":4,"column":61}},"4":{"start":{"line":6,"column":0},"end":{"line":72,"column":2}},"5":{"start":{"line":8,"column":4},"end":{"line":42,"column":5}},"6":{"start":{"line":9,"column":30},"end":{"line":9,"column":38}},"7":{"start":{"line":11,"column":21},"end":{"line":14,"column":8}},"8":{"start":{"line":16,"column":22},"end":{"line":16,"column":41}},"9":{"start":{"line":18,"column":17},"end":{"line":18,"column":72}},"10":{"start":{"line":20,"column":6},"end":{"line":28,"column":7}},"11":{"start":{"line":21,"column":8},"end":{"line":27,"column":11}},"12":{"start":{"line":30,"column":27},"end":{"line":30,"column":53}},"13":{"start":{"line":31,"column":6},"end":{"line":39,"column":9}},"14":{"start":{"line":41,"column":6},"end":{"line":41,"column":18}},"15":{"start":{"line":46,"column":4},"end":{"line":56,"column":5}},"16":{"start":{"line":47,"column":21},"end":{"line":47,"column":32}},"17":{"start":{"line":48,"column":20},"end":{"line":51,"column":8}},"18":{"start":{"line":52,"column":6},"end":{"line":52,"column":22}},"19":{"start":{"line":54,"column":6},"end":{"line":54,"column":25}},"20":{"start":{"line":55,"column":6},"end":{"line":55,"column":18}},"21":{"start":{"line":60,"column":4},"end":{"line":70,"column":5}},"22":{"start":{"line":61,"column":45},"end":{"line":61,"column":53}},"23":{"start":{"line":62,"column":6},"end":{"line":65,"column":8}},"24":{"start":{"line":66,"column":6},"end":{"line":66,"column":60}},"25":{"start":{"line":68,"column":6},"end":{"line":68,"column":25}},"26":{"start":{"line":69,"column":6},"end":{"line":69,"column":18}}},"fnMap":{"0":{"name":"(anonymous_0)","decl":{"start":{"line":7,"column":2},"end":{"line":7,"column":3}},"loc":{"start":{"line":7,"column":43},"end":{"line":43,"column":3}},"line":7},"1":{"name":"(anonymous_1)","decl":{"start":{"line":45,"column":2},"end":{"line":45,"column":3}},"loc":{"start":{"line":45,"column":47},"end":{"line":57,"column":3}},"line":45},"2":{"name":"(anonymous_2)","decl":{"start":{"line":59,"column":2},"end":{"line":59,"column":3}},"loc":{"start":{"line":59,"column":45},"end":{"line":71,"column":3}},"line":59}},"branchMap":{"0":{"loc":{"start":{"line":20,"column":6},"end":{"line":28,"column":7}},"type":"if","locations":[{"start":{"line":20,"column":6},"end":{"line":28,"column":7}},{"start":{},"end":{}}],"line":20}},"s":{"0":7,"1":7,"2":7,"3":7,"4":7,"5":1,"6":1,"7":1,"8":0,"9":0,"10":0,"11":0,"12":0,"13":0,"14":1,"15":0,"16":0,"17":0,"18":0,"19":0,"20":0,"21":0,"22":0,"23":0,"24":0,"25":0,"26":0},"f":{"0":1,"1":0,"2":0},"b":{"0":[0,0]},"_coverageSchema":"1a1c01bbd47fc00a2c39e90264f33305004495a9","hash":"b018e71c9fb3b4a93deaaf8014bae9a29a23df85"}
,"/Users/cansaragih/Documents/BOOTCAMP/PHASE 2/INDIVIDUAL PROJECT/IP-RMT60/server/helpers/geminiAPI.js": {"path":"/Users/cansaragih/Documents/BOOTCAMP/PHASE 2/INDIVIDUAL PROJECT/IP-RMT60/server/helpers/geminiAPI.js","statementMap":{"0":{"start":{"line":1,"column":24},"end":{"line":1,"column":48}},"1":{"start":{"line":3,"column":11},"end":{"line":3,"column":73}},"2":{"start":{"line":6,"column":19},"end":{"line":9,"column":4}},"3":{"start":{"line":10,"column":2},"end":{"line":10,"column":23}},"4":{"start":{"line":13,"column":0},"end":{"line":15,"column":2}}},"fnMap":{"0":{"name":"geminiApi","decl":{"start":{"line":5,"column":15},"end":{"line":5,"column":24}},"loc":{"start":{"line":5,"column":37},"end":{"line":11,"column":1}},"line":5}},"branchMap":{},"s":{"0":7,"1":7,"2":0,"3":0,"4":7},"f":{"0":0},"b":{},"_coverageSchema":"1a1c01bbd47fc00a2c39e90264f33305004495a9","hash":"1c552c6513ede9222df7a4cd432b084f4d733a6a"}
,"/Users/cansaragih/Documents/BOOTCAMP/PHASE 2/INDIVIDUAL PROJECT/IP-RMT60/server/helpers/jwt.js": {"path":"/Users/cansaragih/Documents/BOOTCAMP/PHASE 2/INDIVIDUAL PROJECT/IP-RMT60/server/helpers/jwt.js","statementMap":{"0":{"start":{"line":1,"column":12},"end":{"line":1,"column":35}},"1":{"start":{"line":3,"column":15},"end":{"line":3,"column":41}},"2":{"start":{"line":6,"column":2},"end":{"line":6,"column":35}},"3":{"start":{"line":10,"column":2},"end":{"line":10,"column":35}},"4":{"start":{"line":13,"column":0},"end":{"line":16,"column":2}}},"fnMap":{"0":{"name":"signToken","decl":{"start":{"line":5,"column":9},"end":{"line":5,"column":18}},"loc":{"start":{"line":5,"column":28},"end":{"line":7,"column":1}},"line":5},"1":{"name":"verifyToken","decl":{"start":{"line":9,"column":9},"end":{"line":9,"column":20}},"loc":{"start":{"line":9,"column":28},"end":{"line":11,"column":1}},"line":9}},"branchMap":{},"s":{"0":7,"1":7,"2":0,"3":0,"4":7},"f":{"0":0,"1":0},"b":{},"_coverageSchema":"1a1c01bbd47fc00a2c39e90264f33305004495a9","hash":"363a979b582f828ee1da1905275f06c189ff8262"}
,"/Users/cansaragih/Documents/BOOTCAMP/PHASE 2/INDIVIDUAL PROJECT/IP-RMT60/server/middlewares/authentication.js": {"path":"/Users/cansaragih/Documents/BOOTCAMP/PHASE 2/INDIVIDUAL PROJECT/IP-RMT60/server/middlewares/authentication.js","statementMap":{"0":{"start":{"line":1,"column":24},"end":{"line":1,"column":49}},"1":{"start":{"line":2,"column":17},"end":{"line":2,"column":37}},"2":{"start":{"line":5,"column":2},"end":{"line":31,"column":3}},"3":{"start":{"line":6,"column":24},"end":{"line":6,"column":49}},"4":{"start":{"line":8,"column":4},"end":{"line":10,"column":5}},"5":{"start":{"line":9,"column":6},"end":{"line":9,"column":68}},"6":{"start":{"line":12,"column":25},"end":{"line":12,"column":50}},"7":{"start":{"line":14,"column":20},"end":{"line":14,"column":45}},"8":{"start":{"line":16,"column":17},"end":{"line":16,"column":48}},"9":{"start":{"line":18,"column":4},"end":{"line":20,"column":5}},"10":{"start":{"line":19,"column":6},"end":{"line":19,"column":64}},"11":{"start":{"line":22,"column":4},"end":{"line":26,"column":6}},"12":{"start":{"line":28,"column":4},"end":{"line":28,"column":11}},"13":{"start":{"line":30,"column":4},"end":{"line":30,"column":16}},"14":{"start":{"line":34,"column":0},"end":{"line":34,"column":32}}},"fnMap":{"0":{"name":"authentication","decl":{"start":{"line":4,"column":15},"end":{"line":4,"column":29}},"loc":{"start":{"line":4,"column":46},"end":{"line":32,"column":1}},"line":4}},"branchMap":{"0":{"loc":{"start":{"line":8,"column":4},"end":{"line":10,"column":5}},"type":"if","locations":[{"start":{"line":8,"column":4},"end":{"line":10,"column":5}},{"start":{},"end":{}}],"line":8},"1":{"loc":{"start":{"line":18,"column":4},"end":{"line":20,"column":5}},"type":"if","locations":[{"start":{"line":18,"column":4},"end":{"line":20,"column":5}},{"start":{},"end":{}}],"line":18}},"s":{"0":7,"1":7,"2":6,"3":6,"4":6,"5":6,"6":0,"7":0,"8":0,"9":0,"10":0,"11":0,"12":0,"13":6,"14":7},"f":{"0":6},"b":{"0":[6,0],"1":[0,0]},"_coverageSchema":"1a1c01bbd47fc00a2c39e90264f33305004495a9","hash":"015d9125d9b4d9d5d82666d5ba49eeb20cf3f310"}
,"/Users/cansaragih/Documents/BOOTCAMP/PHASE 2/INDIVIDUAL PROJECT/IP-RMT60/server/middlewares/errorHandler.js": {"path":"/Users/cansaragih/Documents/BOOTCAMP/PHASE 2/INDIVIDUAL PROJECT/IP-RMT60/server/middlewares/errorHandler.js","statementMap":{"0":{"start":{"line":2,"column":2},"end":{"line":7,"column":3}},"1":{"start":{"line":6,"column":4},"end":{"line":6,"column":70}},"2":{"start":{"line":9,"column":2},"end":{"line":11,"column":3}},"3":{"start":{"line":10,"column":4},"end":{"line":10,"column":60}},"4":{"start":{"line":13,"column":2},"end":{"line":15,"column":3}},"5":{"start":{"line":14,"column":4},"end":{"line":14,"column":60}},"6":{"start":{"line":17,"column":2},"end":{"line":19,"column":3}},"7":{"start":{"line":18,"column":4},"end":{"line":18,"column":60}},"8":{"start":{"line":21,"column":2},"end":{"line":23,"column":3}},"9":{"start":{"line":22,"column":4},"end":{"line":22,"column":60}},"10":{"start":{"line":25,"column":2},"end":{"line":27,"column":3}},"11":{"start":{"line":26,"column":4},"end":{"line":26,"column":62}},"12":{"start":{"line":29,"column":2},"end":{"line":31,"column":3}},"13":{"start":{"line":30,"column":4},"end":{"line":30,"column":69}},"14":{"start":{"line":33,"column":2},"end":{"line":33,"column":68}},"15":{"start":{"line":36,"column":0},"end":{"line":36,"column":30}}},"fnMap":{"0":{"name":"errorHandler","decl":{"start":{"line":1,"column":9},"end":{"line":1,"column":21}},"loc":{"start":{"line":1,"column":45},"end":{"line":34,"column":1}},"line":1}},"branchMap":{"0":{"loc":{"start":{"line":2,"column":2},"end":{"line":7,"column":3}},"type":"if","locations":[{"start":{"line":2,"column":2},"end":{"line":7,"column":3}},{"start":{},"end":{}}],"line":2},"1":{"loc":{"start":{"line":3,"column":4},"end":{"line":4,"column":51}},"type":"binary-expr","locations":[{"start":{"line":3,"column":4},"end":{"line":3,"column":45}},{"start":{"line":4,"column":4},"end":{"line":4,"column":51}}],"line":3},"2":{"loc":{"start":{"line":9,"column":2},"end":{"line":11,"column":3}},"type":"if","locations":[{"start":{"line":9,"column":2},"end":{"line":11,"column":3}},{"start":{},"end":{}}],"line":9},"3":{"loc":{"start":{"line":13,"column":2},"end":{"line":15,"column":3}},"type":"if","locations":[{"start":{"line":13,"column":2},"end":{"line":15,"column":3}},{"start":{},"end":{}}],"line":13},"4":{"loc":{"start":{"line":17,"column":2},"end":{"line":19,"column":3}},"type":"if","locations":[{"start":{"line":17,"column":2},"end":{"line":19,"column":3}},{"start":{},"end":{}}],"line":17},"5":{"loc":{"start":{"line":21,"column":2},"end":{"line":23,"column":3}},"type":"if","locations":[{"start":{"line":21,"column":2},"end":{"line":23,"column":3}},{"start":{},"end":{}}],"line":21},"6":{"loc":{"start":{"line":25,"column":2},"end":{"line":27,"column":3}},"type":"if","locations":[{"start":{"line":25,"column":2},"end":{"line":27,"column":3}},{"start":{},"end":{}}],"line":25},"7":{"loc":{"start":{"line":29,"column":2},"end":{"line":31,"column":3}},"type":"if","locations":[{"start":{"line":29,"column":2},"end":{"line":31,"column":3}},{"start":{},"end":{}}],"line":29}},"s":{"0":7,"1":0,"2":7,"3":0,"4":7,"5":0,"6":7,"7":0,"8":7,"9":6,"10":1,"11":0,"12":1,"13":0,"14":1,"15":7},"f":{"0":7},"b":{"0":[0,7],"1":[7,7],"2":[0,7],"3":[0,7],"4":[0,7],"5":[6,1],"6":[0,1],"7":[0,1]},"_coverageSchema":"1a1c01bbd47fc00a2c39e90264f33305004495a9","hash":"e29b821190d6beda2b02b9081e8aecb6643cc980"}
,"/Users/cansaragih/Documents/BOOTCAMP/PHASE 2/INDIVIDUAL PROJECT/IP-RMT60/server/models/budgetitem.js": {"path":"/Users/cansaragih/Documents/BOOTCAMP/PHASE 2/INDIVIDUAL PROJECT/IP-RMT60/server/models/budgetitem.js","statementMap":{"0":{"start":{"line":2,"column":18},"end":{"line":2,"column":38}},"1":{"start":{"line":3,"column":0},"end":{"line":47,"column":2}},"2":{"start":{"line":6,"column":6},"end":{"line":6,"column":66}},"3":{"start":{"line":9,"column":2},"end":{"line":45,"column":4}},"4":{"start":{"line":46,"column":2},"end":{"line":46,"column":20}}},"fnMap":{"0":{"name":"(anonymous_0)","decl":{"start":{"line":3,"column":17},"end":{"line":3,"column":18}},"loc":{"start":{"line":3,"column":43},"end":{"line":47,"column":1}},"line":3},"1":{"name":"(anonymous_1)","decl":{"start":{"line":5,"column":4},"end":{"line":5,"column":5}},"loc":{"start":{"line":5,"column":29},"end":{"line":7,"column":5}},"line":5}},"branchMap":{},"s":{"0":7,"1":7,"2":7,"3":7,"4":7},"f":{"0":7,"1":7},"b":{},"_coverageSchema":"1a1c01bbd47fc00a2c39e90264f33305004495a9","hash":"f8bdfd3dd2badbc10ca148e22e9acd4c53159379"}
,"/Users/cansaragih/Documents/BOOTCAMP/PHASE 2/INDIVIDUAL PROJECT/IP-RMT60/server/models/destination.js": {"path":"/Users/cansaragih/Documents/BOOTCAMP/PHASE 2/INDIVIDUAL PROJECT/IP-RMT60/server/models/destination.js","statementMap":{"0":{"start":{"line":2,"column":18},"end":{"line":2,"column":38}},"1":{"start":{"line":3,"column":0},"end":{"line":54,"column":2}},"2":{"start":{"line":6,"column":6},"end":{"line":8,"column":9}},"3":{"start":{"line":11,"column":2},"end":{"line":52,"column":4}},"4":{"start":{"line":53,"column":2},"end":{"line":53,"column":21}}},"fnMap":{"0":{"name":"(anonymous_0)","decl":{"start":{"line":3,"column":17},"end":{"line":3,"column":18}},"loc":{"start":{"line":3,"column":43},"end":{"line":54,"column":1}},"line":3},"1":{"name":"(anonymous_1)","decl":{"start":{"line":5,"column":4},"end":{"line":5,"column":5}},"loc":{"start":{"line":5,"column":29},"end":{"line":9,"column":5}},"line":5}},"branchMap":{},"s":{"0":7,"1":7,"2":7,"3":7,"4":7},"f":{"0":7,"1":7},"b":{},"_coverageSchema":"1a1c01bbd47fc00a2c39e90264f33305004495a9","hash":"5aa12e662b18727792719299989cccc59641d3c5"}
,"/Users/cansaragih/Documents/BOOTCAMP/PHASE 2/INDIVIDUAL PROJECT/IP-RMT60/server/models/destinationdetail.js": {"path":"/Users/cansaragih/Documents/BOOTCAMP/PHASE 2/INDIVIDUAL PROJECT/IP-RMT60/server/models/destinationdetail.js","statementMap":{"0":{"start":{"line":2,"column":18},"end":{"line":2,"column":38}},"1":{"start":{"line":3,"column":0},"end":{"line":78,"column":2}},"2":{"start":{"line":6,"column":6},"end":{"line":8,"column":9}},"3":{"start":{"line":11,"column":2},"end":{"line":76,"column":4}},"4":{"start":{"line":77,"column":2},"end":{"line":77,"column":27}}},"fnMap":{"0":{"name":"(anonymous_0)","decl":{"start":{"line":3,"column":17},"end":{"line":3,"column":18}},"loc":{"start":{"line":3,"column":43},"end":{"line":78,"column":1}},"line":3},"1":{"name":"(anonymous_1)","decl":{"start":{"line":5,"column":4},"end":{"line":5,"column":5}},"loc":{"start":{"line":5,"column":29},"end":{"line":9,"column":5}},"line":5}},"branchMap":{},"s":{"0":7,"1":7,"2":7,"3":7,"4":7},"f":{"0":7,"1":7},"b":{},"_coverageSchema":"1a1c01bbd47fc00a2c39e90264f33305004495a9","hash":"4cad254997fbf25c1af4cc9be5811f3d03f4d974"}
,"/Users/cansaragih/Documents/BOOTCAMP/PHASE 2/INDIVIDUAL PROJECT/IP-RMT60/server/models/index.js": {"path":"/Users/cansaragih/Documents/BOOTCAMP/PHASE 2/INDIVIDUAL PROJECT/IP-RMT60/server/models/index.js","statementMap":{"0":{"start":{"line":3,"column":11},"end":{"line":3,"column":24}},"1":{"start":{"line":4,"column":13},"end":{"line":4,"column":28}},"2":{"start":{"line":5,"column":18},"end":{"line":5,"column":38}},"3":{"start":{"line":6,"column":16},"end":{"line":6,"column":34}},"4":{"start":{"line":7,"column":17},"end":{"line":7,"column":42}},"5":{"start":{"line":8,"column":12},"end":{"line":8,"column":49}},"6":{"start":{"line":9,"column":15},"end":{"line":9,"column":65}},"7":{"start":{"line":10,"column":11},"end":{"line":10,"column":13}},"8":{"start":{"line":13,"column":0},"end":{"line":22,"column":1}},"9":{"start":{"line":14,"column":2},"end":{"line":14,"column":74}},"10":{"start":{"line":16,"column":2},"end":{"line":21,"column":4}},"11":{"start":{"line":24,"column":0},"end":{"line":39,"column":5}},"12":{"start":{"line":26,"column":4},"end":{"line":31,"column":6}},"13":{"start":{"line":34,"column":18},"end":{"line":37,"column":5}},"14":{"start":{"line":38,"column":4},"end":{"line":38,"column":27}},"15":{"start":{"line":41,"column":0},"end":{"line":45,"column":3}},"16":{"start":{"line":42,"column":2},"end":{"line":44,"column":3}},"17":{"start":{"line":43,"column":4},"end":{"line":43,"column":32}},"18":{"start":{"line":47,"column":0},"end":{"line":47,"column":25}},"19":{"start":{"line":48,"column":0},"end":{"line":48,"column":25}},"20":{"start":{"line":50,"column":0},"end":{"line":50,"column":20}}},"fnMap":{"0":{"name":"(anonymous_0)","decl":{"start":{"line":25,"column":10},"end":{"line":25,"column":11}},"loc":{"start":{"line":25,"column":20},"end":{"line":32,"column":3}},"line":25},"1":{"name":"(anonymous_1)","decl":{"start":{"line":33,"column":11},"end":{"line":33,"column":12}},"loc":{"start":{"line":33,"column":21},"end":{"line":39,"column":3}},"line":33},"2":{"name":"(anonymous_2)","decl":{"start":{"line":41,"column":24},"end":{"line":41,"column":25}},"loc":{"start":{"line":41,"column":39},"end":{"line":45,"column":1}},"line":41}},"branchMap":{"0":{"loc":{"start":{"line":8,"column":12},"end":{"line":8,"column":49}},"type":"binary-expr","locations":[{"start":{"line":8,"column":12},"end":{"line":8,"column":32}},{"start":{"line":8,"column":36},"end":{"line":8,"column":49}}],"line":8},"1":{"loc":{"start":{"line":13,"column":0},"end":{"line":22,"column":1}},"type":"if","locations":[{"start":{"line":13,"column":0},"end":{"line":22,"column":1}},{"start":{"line":15,"column":7},"end":{"line":22,"column":1}}],"line":13},"2":{"loc":{"start":{"line":27,"column":6},"end":{"line":30,"column":37}},"type":"binary-expr","locations":[{"start":{"line":27,"column":6},"end":{"line":27,"column":29}},{"start":{"line":28,"column":6},"end":{"line":28,"column":23}},{"start":{"line":29,"column":6},"end":{"line":29,"column":30}},{"start":{"line":30,"column":6},"end":{"line":30,"column":37}}],"line":27},"3":{"loc":{"start":{"line":42,"column":2},"end":{"line":44,"column":3}},"type":"if","locations":[{"start":{"line":42,"column":2},"end":{"line":44,"column":3}},{"start":{},"end":{}}],"line":42}},"s":{"0":7,"1":7,"2":7,"3":7,"4":7,"5":7,"6":7,"7":7,"8":7,"9":0,"10":7,"11":7,"12":49,"13":42,"14":42,"15":7,"16":42,"17":42,"18":7,"19":7,"20":7},"f":{"0":49,"1":42,"2":42},"b":{"0":[7,0],"1":[0,7],"2":[49,49,42,42],"3":[42,0]},"_coverageSchema":"1a1c01bbd47fc00a2c39e90264f33305004495a9","hash":"7b7a6cd41cfb9a0306519cec369d8e9ebf70bf60"}
,"/Users/cansaragih/Documents/BOOTCAMP/PHASE 2/INDIVIDUAL PROJECT/IP-RMT60/server/models/itinerary.js": {"path":"/Users/cansaragih/Documents/BOOTCAMP/PHASE 2/INDIVIDUAL PROJECT/IP-RMT60/server/models/itinerary.js","statementMap":{"0":{"start":{"line":2,"column":18},"end":{"line":2,"column":38}},"1":{"start":{"line":3,"column":0},"end":{"line":55,"column":2}},"2":{"start":{"line":6,"column":6},"end":{"line":6,"column":65}},"3":{"start":{"line":9,"column":2},"end":{"line":53,"column":4}},"4":{"start":{"line":54,"column":2},"end":{"line":54,"column":19}}},"fnMap":{"0":{"name":"(anonymous_0)","decl":{"start":{"line":3,"column":17},"end":{"line":3,"column":18}},"loc":{"start":{"line":3,"column":43},"end":{"line":55,"column":1}},"line":3},"1":{"name":"(anonymous_1)","decl":{"start":{"line":5,"column":4},"end":{"line":5,"column":5}},"loc":{"start":{"line":5,"column":29},"end":{"line":7,"column":5}},"line":5}},"branchMap":{},"s":{"0":7,"1":7,"2":7,"3":7,"4":7},"f":{"0":7,"1":7},"b":{},"_coverageSchema":"1a1c01bbd47fc00a2c39e90264f33305004495a9","hash":"79366f4a9f9c3fcbff4a6c93cf7a40e172a1fac5"}
,"/Users/cansaragih/Documents/BOOTCAMP/PHASE 2/INDIVIDUAL PROJECT/IP-RMT60/server/models/trip.js": {"path":"/Users/cansaragih/Documents/BOOTCAMP/PHASE 2/INDIVIDUAL PROJECT/IP-RMT60/server/models/trip.js","statementMap":{"0":{"start":{"line":2,"column":18},"end":{"line":2,"column":38}},"1":{"start":{"line":3,"column":0},"end":{"line":67,"column":2}},"2":{"start":{"line":6,"column":6},"end":{"line":6,"column":60}},"3":{"start":{"line":7,"column":6},"end":{"line":7,"column":63}},"4":{"start":{"line":8,"column":6},"end":{"line":8,"column":64}},"5":{"start":{"line":11,"column":2},"end":{"line":65,"column":4}},"6":{"start":{"line":37,"column":12},"end":{"line":39,"column":13}},"7":{"start":{"line":38,"column":14},"end":{"line":38,"column":67}},"8":{"start":{"line":66,"column":2},"end":{"line":66,"column":14}}},"fnMap":{"0":{"name":"(anonymous_0)","decl":{"start":{"line":3,"column":17},"end":{"line":3,"column":18}},"loc":{"start":{"line":3,"column":43},"end":{"line":67,"column":1}},"line":3},"1":{"name":"(anonymous_1)","decl":{"start":{"line":5,"column":4},"end":{"line":5,"column":5}},"loc":{"start":{"line":5,"column":29},"end":{"line":9,"column":5}},"line":5},"2":{"name":"(anonymous_2)","decl":{"start":{"line":36,"column":10},"end":{"line":36,"column":11}},"loc":{"start":{"line":36,"column":30},"end":{"line":40,"column":11}},"line":36}},"branchMap":{"0":{"loc":{"start":{"line":37,"column":12},"end":{"line":39,"column":13}},"type":"if","locations":[{"start":{"line":37,"column":12},"end":{"line":39,"column":13}},{"start":{},"end":{}}],"line":37},"1":{"loc":{"start":{"line":37,"column":16},"end":{"line":37,"column":58}},"type":"binary-expr","locations":[{"start":{"line":37,"column":16},"end":{"line":37,"column":31}},{"start":{"line":37,"column":35},"end":{"line":37,"column":58}}],"line":37}},"s":{"0":7,"1":7,"2":7,"3":7,"4":7,"5":7,"6":0,"7":0,"8":7},"f":{"0":7,"1":7,"2":0},"b":{"0":[0,0],"1":[0,0]},"_coverageSchema":"1a1c01bbd47fc00a2c39e90264f33305004495a9","hash":"3c34f5a4568362bdcfa8535c0cd595e44b27688b"}
,"/Users/cansaragih/Documents/BOOTCAMP/PHASE 2/INDIVIDUAL PROJECT/IP-RMT60/server/models/user.js": {"path":"/Users/cansaragih/Documents/BOOTCAMP/PHASE 2/INDIVIDUAL PROJECT/IP-RMT60/server/models/user.js","statementMap":{"0":{"start":{"line":2,"column":18},"end":{"line":2,"column":38}},"1":{"start":{"line":3,"column":0},"end":{"line":61,"column":2}},"2":{"start":{"line":6,"column":6},"end":{"line":6,"column":58}},"3":{"start":{"line":9,"column":2},"end":{"line":59,"column":4}},"4":{"start":{"line":60,"column":2},"end":{"line":60,"column":14}}},"fnMap":{"0":{"name":"(anonymous_0)","decl":{"start":{"line":3,"column":17},"end":{"line":3,"column":18}},"loc":{"start":{"line":3,"column":43},"end":{"line":61,"column":1}},"line":3},"1":{"name":"(anonymous_1)","decl":{"start":{"line":5,"column":4},"end":{"line":5,"column":5}},"loc":{"start":{"line":5,"column":29},"end":{"line":7,"column":5}},"line":5}},"branchMap":{},"s":{"0":7,"1":7,"2":7,"3":7,"4":7},"f":{"0":7,"1":7},"b":{},"_coverageSchema":"1a1c01bbd47fc00a2c39e90264f33305004495a9","hash":"3b111cd35da30a31d0d7fa8763071b8296da66dc"}
,"/Users/cansaragih/Documents/BOOTCAMP/PHASE 2/INDIVIDUAL PROJECT/IP-RMT60/server/routes/index.js": {"path":"/Users/cansaragih/Documents/BOOTCAMP/PHASE 2/INDIVIDUAL PROJECT/IP-RMT60/server/routes/index.js","statementMap":{"0":{"start":{"line":1,"column":15},"end":{"line":1,"column":42}},"1":{"start":{"line":2,"column":21},"end":{"line":2,"column":59}},"2":{"start":{"line":3,"column":28},"end":{"line":3,"column":73}},"3":{"start":{"line":4,"column":30},"end":{"line":4,"column":72}},"4":{"start":{"line":5,"column":23},"end":{"line":5,"column":63}},"5":{"start":{"line":6,"column":23},"end":{"line":6,"column":63}},"6":{"start":{"line":7,"column":23},"end":{"line":7,"column":63}},"7":{"start":{"line":8,"column":21},"end":{"line":8,"column":59}},"8":{"start":{"line":11,"column":0},"end":{"line":11,"column":57}},"9":{"start":{"line":12,"column":0},"end":{"line":12,"column":74}},"10":{"start":{"line":13,"column":0},"end":{"line":16,"column":2}},"11":{"start":{"line":19,"column":0},"end":{"line":19,"column":74}},"12":{"start":{"line":20,"column":0},"end":{"line":20,"column":75}},"13":{"start":{"line":23,"column":0},"end":{"line":23,"column":65}},"14":{"start":{"line":24,"column":0},"end":{"line":24,"column":66}},"15":{"start":{"line":25,"column":0},"end":{"line":25,"column":71}},"16":{"start":{"line":26,"column":0},"end":{"line":26,"column":76}},"17":{"start":{"line":27,"column":0},"end":{"line":27,"column":68}},"18":{"start":{"line":28,"column":0},"end":{"line":28,"column":78}},"19":{"start":{"line":29,"column":0},"end":{"line":29,"column":60}},"20":{"start":{"line":32,"column":0},"end":{"line":32,"column":73}},"21":{"start":{"line":34,"column":0},"end":{"line":38,"column":2}},"22":{"start":{"line":39,"column":0},"end":{"line":43,"column":2}},"23":{"start":{"line":46,"column":0},"end":{"line":46,"column":72}},"24":{"start":{"line":47,"column":0},"end":{"line":51,"column":2}},"25":{"start":{"line":52,"column":0},"end":{"line":52,"column":73}},"26":{"start":{"line":53,"column":0},"end":{"line":57,"column":2}},"27":{"start":{"line":59,"column":0},"end":{"line":59,"column":25}},"28":{"start":{"line":61,"column":0},"end":{"line":61,"column":24}}},"fnMap":{},"branchMap":{},"s":{"0":7,"1":7,"2":7,"3":7,"4":7,"5":7,"6":7,"7":7,"8":7,"9":7,"10":7,"11":7,"12":7,"13":7,"14":7,"15":7,"16":7,"17":7,"18":7,"19":7,"20":7,"21":7,"22":7,"23":7,"24":7,"25":7,"26":7,"27":7,"28":7},"f":{},"b":{},"_coverageSchema":"1a1c01bbd47fc00a2c39e90264f33305004495a9","hash":"773408903c6c3004347f4d23fa9430861df654a4"}
}
