TN:
SF:app.js
FNF:0
FNH:0
DA:1,7
DA:2,7
DA:3,7
DA:6,7
DA:7,7
DA:8,7
DA:9,7
DA:11,7
DA:12,7
DA:13,7
DA:15,7
DA:17,7
LF:12
LH:12
BRDA:2,0,0,7
BRDA:2,0,1,0
BRF:2
BRH:1
end_of_record
TN:
SF:__test__/test-helpers.js
FN:6,(anonymous_0)
FN:99,(anonymous_1)
FN:100,(anonymous_2)
FN:104,(anonymous_3)
FN:158,(anonymous_4)
FN:171,(anonymous_5)
FN:190,(anonymous_6)
FN:248,(anonymous_7)
FN:263,(anonymous_8)
FN:280,(anonymous_9)
FN:289,(anonymous_10)
FN:298,(anonymous_11)
FN:304,(anonymous_12)
FN:317,(anonymous_13)
FN:321,(anonymous_14)
FN:324,(anonymous_15)
FN:327,(anonymous_16)
FN:330,(anonymous_17)
FN:335,(anonymous_18)
FN:341,(anonymous_19)
FN:347,(anonymous_20)
FN:353,(anonymous_21)
FN:360,(anonymous_22)
FN:366,(anonymous_23)
FN:372,(anonymous_24)
FN:405,(anonymous_25)
FN:408,(anonymous_26)
FN:416,(anonymous_27)
FN:425,(anonymous_28)
FN:437,(anonymous_29)
FN:443,(anonymous_30)
FN:449,(anonymous_31)
FN:453,(anonymous_32)
FN:459,(anonymous_33)
FN:465,(anonymous_34)
FN:470,(anonymous_35)
FN:498,(anonymous_36)
FN:500,(anonymous_37)
FN:506,(anonymous_38)
FN:512,(anonymous_39)
FN:517,(anonymous_40)
FN:518,(anonymous_41)
FN:535,(anonymous_42)
FNF:43
FNH:23
FNDA:20,(anonymous_0)
FNDA:65,(anonymous_1)
FNDA:65,(anonymous_2)
FNDA:2,(anonymous_3)
FNDA:0,(anonymous_4)
FNDA:1,(anonymous_5)
FNDA:3,(anonymous_6)
FNDA:0,(anonymous_7)
FNDA:0,(anonymous_8)
FNDA:0,(anonymous_9)
FNDA:7,(anonymous_10)
FNDA:0,(anonymous_11)
FNDA:3,(anonymous_12)
FNDA:3,(anonymous_13)
FNDA:0,(anonymous_14)
FNDA:3,(anonymous_15)
FNDA:0,(anonymous_16)
FNDA:0,(anonymous_17)
FNDA:3,(anonymous_18)
FNDA:1,(anonymous_19)
FNDA:3,(anonymous_20)
FNDA:0,(anonymous_21)
FNDA:1,(anonymous_22)
FNDA:0,(anonymous_23)
FNDA:3,(anonymous_24)
FNDA:3,(anonymous_25)
FNDA:2,(anonymous_26)
FNDA:0,(anonymous_27)
FNDA:1,(anonymous_28)
FNDA:1,(anonymous_29)
FNDA:1,(anonymous_30)
FNDA:1,(anonymous_31)
FNDA:1,(anonymous_32)
FNDA:0,(anonymous_33)
FNDA:0,(anonymous_34)
FNDA:1,(anonymous_35)
FNDA:0,(anonymous_36)
FNDA:0,(anonymous_37)
FNDA:0,(anonymous_38)
FNDA:0,(anonymous_39)
FNDA:0,(anonymous_40)
FNDA:0,(anonymous_41)
FNDA:0,(anonymous_42)
DA:1,7
DA:4,7
DA:19,20
DA:20,5
DA:22,5
DA:23,1
DA:26,5
DA:30,3
DA:33,5
DA:34,5
DA:37,0
DA:45,15
DA:46,45
DA:47,45
DA:49,45
DA:50,0
DA:53,45
DA:57,45
DA:60,45
DA:61,45
DA:64,45
DA:65,0
DA:69,45
DA:70,0
DA:74,45
DA:75,0
DA:79,45
DA:80,45
DA:82,0
DA:86,45
DA:90,15
DA:91,15
DA:95,0
DA:100,65
DA:105,2
DA:106,2
DA:107,2
DA:109,2
DA:111,2
DA:118,2
DA:121,2
DA:127,2
DA:128,2
DA:129,0
DA:130,2
DA:131,0
DA:132,2
DA:134,2
DA:135,0
DA:139,0
DA:140,0
DA:145,2
DA:152,0
DA:153,0
DA:159,0
DA:162,0
DA:164,0
DA:172,1
DA:173,1
DA:174,0
DA:176,1
DA:180,0
DA:181,0
DA:182,0
DA:186,0
DA:191,3
DA:194,3
DA:195,0
DA:198,3
DA:199,0
DA:202,3
DA:203,0
DA:206,3
DA:207,0
DA:211,3
DA:212,0
DA:213,0
DA:214,0
DA:219,3
DA:220,0
DA:221,0
DA:226,3
DA:227,3
DA:228,3
DA:229,0
DA:233,3
DA:234,0
DA:235,0
DA:236,0
DA:237,0
DA:244,3
DA:249,0
DA:251,0
DA:253,0
DA:254,0
DA:255,0
DA:259,0
DA:264,0
DA:266,0
DA:267,0
DA:271,0
DA:272,0
DA:273,0
DA:278,0
DA:279,0
DA:280,0
DA:281,0
DA:285,0
DA:290,7
DA:291,7
DA:292,7
DA:294,0
DA:300,0
DA:305,3
DA:318,3
DA:319,3
DA:322,0
DA:325,3
DA:328,0
DA:331,0
DA:336,3
DA:337,3
DA:342,1
DA:343,1
DA:348,3
DA:349,3
DA:354,0
DA:355,0
DA:356,0
DA:361,1
DA:362,1
DA:367,0
DA:368,0
DA:373,3
DA:384,3
DA:385,1
DA:386,1
DA:388,0
DA:393,2
DA:394,0
DA:397,2
DA:401,3
DA:406,3
DA:407,3
DA:408,2
DA:416,0
DA:425,1
DA:438,1
DA:439,1
DA:441,1
DA:444,1
DA:445,1
DA:450,1
DA:453,1
DA:455,1
DA:460,0
DA:461,0
DA:466,0
DA:471,1
DA:473,2
DA:474,1
DA:475,1
DA:478,1
DA:479,1
DA:480,1
DA:483,1
DA:484,1
DA:487,0
DA:488,0
DA:492,1
DA:499,0
DA:501,0
DA:502,0
DA:503,0
DA:507,0
DA:508,0
DA:509,0
DA:513,0
DA:514,0
DA:518,0
DA:519,0
DA:520,0
DA:522,0
DA:523,0
DA:524,0
DA:527,0
DA:530,0
DA:531,0
DA:532,0
DA:536,0
DA:537,0
LF:191
LH:99
BRDA:12,0,0,9
BRDA:13,1,0,17
BRDA:19,2,0,5
BRDA:19,2,1,15
BRDA:22,3,0,1
BRDA:22,3,1,4
BRDA:26,4,0,3
BRDA:26,4,1,2
BRDA:27,5,0,5
BRDA:27,5,1,3
BRDA:27,5,2,0
BRDA:27,5,3,0
BRDA:49,6,0,0
BRDA:49,6,1,45
BRDA:53,7,0,45
BRDA:53,7,1,0
BRDA:54,8,0,45
BRDA:54,8,1,45
BRDA:54,8,2,0
BRDA:54,8,3,0
BRDA:64,9,0,0
BRDA:64,9,1,45
BRDA:69,10,0,0
BRDA:69,10,1,45
BRDA:69,11,0,45
BRDA:69,11,1,45
BRDA:74,12,0,0
BRDA:74,12,1,45
BRDA:74,13,0,45
BRDA:74,13,1,0
BRDA:90,14,0,15
BRDA:90,14,1,0
BRDA:95,15,0,0
BRDA:95,15,1,0
BRDA:128,16,0,0
BRDA:128,16,1,2
BRDA:128,17,0,2
BRDA:128,17,1,2
BRDA:130,18,0,0
BRDA:130,18,1,2
BRDA:130,19,0,2
BRDA:130,19,1,2
BRDA:132,20,0,2
BRDA:132,20,1,0
BRDA:132,21,0,2
BRDA:132,21,1,2
BRDA:135,22,0,0
BRDA:135,22,1,0
BRDA:136,23,0,0
BRDA:136,23,1,0
BRDA:136,23,2,0
BRDA:172,24,0,1
BRDA:172,24,1,0
BRDA:173,25,0,0
BRDA:173,25,1,1
BRDA:180,26,0,0
BRDA:180,26,1,0
BRDA:191,27,0,0
BRDA:191,27,1,3
BRDA:191,28,0,3
BRDA:191,28,1,3
BRDA:194,29,0,0
BRDA:194,29,1,3
BRDA:198,30,0,0
BRDA:198,30,1,3
BRDA:198,31,0,3
BRDA:198,31,1,0
BRDA:202,32,0,0
BRDA:202,32,1,3
BRDA:202,33,0,3
BRDA:202,33,1,0
BRDA:206,34,0,0
BRDA:206,34,1,3
BRDA:206,35,0,3
BRDA:206,35,1,0
BRDA:211,36,0,0
BRDA:211,36,1,3
BRDA:211,37,0,3
BRDA:211,37,1,0
BRDA:213,38,0,0
BRDA:213,38,1,0
BRDA:213,39,0,0
BRDA:213,39,1,0
BRDA:220,40,0,0
BRDA:220,40,1,0
BRDA:220,41,0,0
BRDA:220,41,1,0
BRDA:228,42,0,0
BRDA:228,42,1,3
BRDA:228,43,0,3
BRDA:228,43,1,0
BRDA:233,44,0,0
BRDA:233,44,1,3
BRDA:236,45,0,0
BRDA:236,45,1,0
BRDA:236,46,0,0
BRDA:236,46,1,0
BRDA:249,47,0,0
BRDA:249,47,1,0
BRDA:249,48,0,0
BRDA:249,48,1,0
BRDA:251,49,0,0
BRDA:251,49,1,0
BRDA:254,50,0,0
BRDA:254,50,1,0
BRDA:254,51,0,0
BRDA:254,51,1,0
BRDA:255,52,0,0
BRDA:255,52,1,0
BRDA:264,53,0,0
BRDA:264,53,1,0
BRDA:264,54,0,0
BRDA:264,54,1,0
BRDA:266,55,0,0
BRDA:266,55,1,0
BRDA:272,56,0,0
BRDA:272,56,1,0
BRDA:278,57,0,0
BRDA:278,57,1,0
BRDA:278,58,0,0
BRDA:278,58,1,0
BRDA:280,59,0,0
BRDA:280,59,1,0
BRDA:280,60,0,0
BRDA:280,60,1,0
BRDA:289,61,0,0
BRDA:290,62,0,7
BRDA:290,62,1,0
BRDA:355,63,0,0
BRDA:355,63,1,0
BRDA:384,64,0,1
BRDA:384,64,1,2
BRDA:385,65,0,1
BRDA:385,65,1,0
BRDA:393,66,0,0
BRDA:393,66,1,2
BRDA:408,67,0,0
BRDA:416,68,0,0
BRDA:425,69,0,0
BRDA:473,70,0,1
BRDA:473,70,1,1
BRDA:473,71,0,2
BRDA:473,71,1,1
BRDA:483,72,0,1
BRDA:483,72,1,0
BRDA:483,73,0,1
BRDA:483,73,1,1
BRDA:523,74,0,0
BRDA:523,74,1,0
BRDA:523,75,0,0
BRDA:523,75,1,0
BRF:151
BRH:59
end_of_record
TN:
SF:__test__/utils/TestCase.js
FN:5,(anonymous_0)
FN:12,(anonymous_1)
FN:13,(anonymous_2)
FN:14,(anonymous_3)
FN:23,(anonymous_4)
FN:29,(anonymous_5)
FN:35,(anonymous_6)
FN:41,(anonymous_7)
FN:47,(anonymous_8)
FN:94,(anonymous_9)
FNF:10
FNH:3
FNDA:2,(anonymous_0)
FNDA:2,(anonymous_1)
FNDA:0,(anonymous_2)
FNDA:0,(anonymous_3)
FNDA:0,(anonymous_4)
FNDA:0,(anonymous_5)
FNDA:0,(anonymous_6)
FNDA:0,(anonymous_7)
FNDA:2,(anonymous_8)
FNDA:0,(anonymous_9)
DA:6,2
DA:7,2
DA:8,2
DA:9,2
DA:10,2
DA:11,2
DA:12,2
DA:13,2
DA:14,2
DA:15,2
DA:16,2
DA:19,2
DA:24,0
DA:25,0
DA:30,0
DA:31,0
DA:36,0
DA:37,0
DA:42,0
DA:43,0
DA:48,2
DA:50,2
DA:52,2
DA:55,2
DA:65,2
DA:66,1
DA:67,1
DA:68,1
DA:72,0
DA:75,0
DA:77,0
DA:83,2
DA:84,2
DA:95,0
DA:99,1
LF:35
LH:23
BRDA:5,0,0,0
BRDA:6,1,0,2
BRDA:6,1,1,0
BRDA:7,2,0,2
BRDA:7,2,1,0
BRDA:8,3,0,2
BRDA:8,3,1,0
BRDA:9,4,0,2
BRDA:9,4,1,0
BRDA:10,5,0,2
BRDA:10,5,1,2
BRDA:11,6,0,2
BRDA:11,6,1,0
BRDA:12,7,0,2
BRDA:12,7,1,2
BRDA:13,8,0,2
BRDA:13,8,1,2
BRDA:14,9,0,2
BRDA:14,9,1,1
BRDA:15,10,0,2
BRDA:15,10,1,2
BRDA:16,11,0,2
BRDA:16,11,1,0
BRDA:65,12,0,1
BRDA:65,12,1,1
BRDA:67,13,0,1
BRDA:67,13,1,0
BRF:27
BRH:19
end_of_record
TN:
SF:controllers/AiController.js
FN:5,(anonymous_0)
FN:35,(anonymous_1)
FN:49,(anonymous_2)
FNF:3
FNH:0
FNDA:0,(anonymous_0)
FNDA:0,(anonymous_1)
FNDA:0,(anonymous_2)
DA:1,7
DA:2,7
DA:4,7
DA:6,0
DA:7,0
DA:8,0
DA:9,0
DA:12,0
DA:23,0
DA:25,0
DA:29,0
DA:31,0
DA:36,0
DA:37,0
DA:38,0
DA:40,0
DA:41,0
DA:42,0
DA:44,0
DA:47,0
DA:50,0
DA:56,0
DA:68,0
DA:70,0
DA:76,0
DA:79,0
DA:81,0
DA:87,0
DA:88,0
LF:29
LH:3
BRDA:8,0,0,0
BRDA:8,0,1,0
BRDA:8,1,0,0
BRDA:8,1,1,0
BRDA:8,1,2,0
BRDA:8,1,3,0
BRDA:42,2,0,0
BRDA:42,2,1,0
BRDA:51,3,0,0
BRDA:51,3,1,0
BRF:10
BRH:0
end_of_record
TN:
SF:controllers/ItineraryController.js
FN:4,(anonymous_0)
FN:20,(anonymous_1)
FN:38,(anonymous_2)
FN:59,(anonymous_3)
FNF:4
FNH:0
FNDA:0,(anonymous_0)
FNDA:0,(anonymous_1)
FNDA:0,(anonymous_2)
FNDA:0,(anonymous_3)
DA:1,7
DA:3,7
DA:5,0
DA:6,0
DA:7,0
DA:13,0
DA:15,0
DA:16,0
DA:21,0
DA:22,0
DA:23,0
DA:24,0
DA:31,0
DA:33,0
DA:34,0
DA:39,0
DA:40,0
DA:41,0
DA:42,0
DA:43,0
DA:44,0
DA:46,0
DA:47,0
DA:48,0
DA:49,0
DA:51,0
DA:52,0
DA:54,0
DA:55,0
DA:60,0
DA:61,0
DA:62,0
DA:63,0
DA:64,0
DA:65,0
DA:66,0
DA:68,0
DA:69,0
LF:38
LH:2
BRDA:43,0,0,0
BRDA:43,0,1,0
BRDA:46,1,0,0
BRDA:46,1,1,0
BRDA:47,2,0,0
BRDA:47,2,1,0
BRDA:48,3,0,0
BRDA:48,3,1,0
BRDA:49,4,0,0
BRDA:49,4,1,0
BRDA:63,5,0,0
BRDA:63,5,1,0
BRF:12
BRH:0
end_of_record
TN:
SF:controllers/PublicController.js
FN:4,(anonymous_0)
FN:16,(anonymous_1)
FNF:2
FNH:2
FNDA:1,(anonymous_0)
FNDA:1,(anonymous_1)
DA:1,7
DA:3,7
DA:5,1
DA:6,1
DA:10,1
DA:12,0
DA:17,1
DA:18,1
DA:19,1
DA:23,1
DA:24,0
DA:27,1
DA:29,0
LF:13
LH:10
BRDA:23,0,0,0
BRDA:23,0,1,1
BRF:2
BRH:1
end_of_record
TN:
SF:controllers/TripController.js
FN:7,(anonymous_0)
FN:24,(anonymous_1)
FN:35,(anonymous_2)
FN:64,(anonymous_3)
FN:88,(anonymous_4)
FN:101,(anonymous_5)
FN:126,(anonymous_6)
FN:146,(anonymous_7)
FNF:8
FNH:0
FNDA:0,(anonymous_0)
FNDA:0,(anonymous_1)
FNDA:0,(anonymous_2)
FNDA:0,(anonymous_3)
FNDA:0,(anonymous_4)
FNDA:0,(anonymous_5)
FNDA:0,(anonymous_6)
FNDA:0,(anonymous_7)
DA:1,7
DA:2,7
DA:4,7
DA:6,7
DA:8,0
DA:9,0
DA:11,0
DA:12,0
DA:15,0
DA:16,0
DA:18,0
DA:20,0
DA:25,0
DA:26,0
DA:27,0
DA:28,0
DA:29,0
DA:31,0
DA:36,0
DA:44,0
DA:45,0
DA:46,0
DA:57,0
DA:59,0
DA:60,0
DA:65,0
DA:66,0
DA:67,0
DA:68,0
DA:70,0
DA:74,0
DA:76,0
DA:77,0
DA:82,0
DA:84,0
DA:89,0
DA:90,0
DA:91,0
DA:92,0
DA:94,0
DA:95,0
DA:97,0
DA:102,0
DA:104,0
DA:106,0
DA:107,0
DA:120,0
DA:122,0
DA:127,0
DA:128,0
DA:129,0
DA:131,0
DA:132,0
DA:134,0
DA:135,0
DA:136,0
DA:138,0
DA:139,0
DA:141,0
DA:142,0
DA:147,0
DA:148,0
DA:153,0
DA:155,0
DA:156,0
LF:65
LH:4
BRDA:11,0,0,0
BRDA:11,0,1,0
BRDA:28,1,0,0
BRDA:28,1,1,0
BRDA:76,2,0,0
BRDA:76,2,1,0
BRDA:76,3,0,0
BRDA:76,3,1,0
BRDA:104,4,0,0
BRDA:104,4,1,0
BRDA:132,5,0,0
BRDA:132,5,1,0
BRDA:135,6,0,0
BRDA:135,6,1,0
BRDA:136,7,0,0
BRDA:136,7,1,0
BRF:16
BRH:0
end_of_record
TN:
SF:controllers/UserController.js
FN:7,(anonymous_0)
FN:45,(anonymous_1)
FN:59,(anonymous_2)
FNF:3
FNH:1
FNDA:1,(anonymous_0)
FNDA:0,(anonymous_1)
FNDA:0,(anonymous_2)
DA:1,7
DA:2,7
DA:3,7
DA:4,7
DA:6,7
DA:8,1
DA:9,1
DA:11,1
DA:16,0
DA:18,0
DA:20,0
DA:21,0
DA:30,0
DA:31,0
DA:41,1
DA:46,0
DA:47,0
DA:48,0
DA:52,0
DA:54,0
DA:55,0
DA:60,0
DA:61,0
DA:62,0
DA:66,0
DA:68,0
DA:69,0
LF:27
LH:9
BRDA:20,0,0,0
BRDA:20,0,1,0
BRF:2
BRH:0
end_of_record
TN:
SF:helpers/geminiAPI.js
FN:5,geminiApi
FNF:1
FNH:0
FNDA:0,geminiApi
DA:1,7
DA:3,7
DA:6,0
DA:10,0
DA:13,7
LF:5
LH:3
BRF:0
BRH:0
end_of_record
TN:
SF:helpers/jwt.js
FN:5,signToken
FN:9,verifyToken
FNF:2
FNH:0
FNDA:0,signToken
FNDA:0,verifyToken
DA:1,7
DA:3,7
DA:6,0
DA:10,0
DA:13,7
LF:5
LH:3
BRF:0
BRH:0
end_of_record
TN:
SF:middlewares/authentication.js
FN:4,authentication
FNF:1
FNH:1
FNDA:6,authentication
DA:1,7
DA:2,7
DA:5,6
DA:6,6
DA:8,6
DA:9,6
DA:12,0
DA:14,0
DA:16,0
DA:18,0
DA:19,0
DA:22,0
DA:28,0
DA:30,6
DA:34,7
LF:15
LH:8
BRDA:8,0,0,6
BRDA:8,0,1,0
BRDA:18,1,0,0
BRDA:18,1,1,0
BRF:4
BRH:1
end_of_record
TN:
SF:middlewares/errorHandler.js
FN:1,errorHandler
FNF:1
FNH:1
FNDA:7,errorHandler
DA:2,7
DA:6,0
DA:9,7
DA:10,0
DA:13,7
DA:14,0
DA:17,7
DA:18,0
DA:21,7
DA:22,6
DA:25,1
DA:26,0
DA:29,1
DA:30,0
DA:33,1
DA:36,7
LF:16
LH:10
BRDA:2,0,0,0
BRDA:2,0,1,7
BRDA:3,1,0,7
BRDA:3,1,1,7
BRDA:9,2,0,0
BRDA:9,2,1,7
BRDA:13,3,0,0
BRDA:13,3,1,7
BRDA:17,4,0,0
BRDA:17,4,1,7
BRDA:21,5,0,6
BRDA:21,5,1,1
BRDA:25,6,0,0
BRDA:25,6,1,1
BRDA:29,7,0,0
BRDA:29,7,1,1
BRF:16
BRH:10
end_of_record
TN:
SF:models/budgetitem.js
FN:3,(anonymous_0)
FN:5,(anonymous_1)
FNF:2
FNH:2
FNDA:7,(anonymous_0)
FNDA:7,(anonymous_1)
DA:2,7
DA:3,7
DA:6,7
DA:9,7
DA:46,7
LF:5
LH:5
BRF:0
BRH:0
end_of_record
TN:
SF:models/destination.js
FN:3,(anonymous_0)
FN:5,(anonymous_1)
FNF:2
FNH:2
FNDA:7,(anonymous_0)
FNDA:7,(anonymous_1)
DA:2,7
DA:3,7
DA:6,7
DA:11,7
DA:53,7
LF:5
LH:5
BRF:0
BRH:0
end_of_record
TN:
SF:models/destinationdetail.js
FN:3,(anonymous_0)
FN:5,(anonymous_1)
FNF:2
FNH:2
FNDA:7,(anonymous_0)
FNDA:7,(anonymous_1)
DA:2,7
DA:3,7
DA:6,7
DA:11,7
DA:77,7
LF:5
LH:5
BRF:0
BRH:0
end_of_record
TN:
SF:models/index.js
FN:25,(anonymous_0)
FN:33,(anonymous_1)
FN:41,(anonymous_2)
FNF:3
FNH:3
FNDA:49,(anonymous_0)
FNDA:42,(anonymous_1)
FNDA:42,(anonymous_2)
DA:3,7
DA:4,7
DA:5,7
DA:6,7
DA:7,7
DA:8,7
DA:9,7
DA:10,7
DA:13,7
DA:14,0
DA:16,7
DA:24,7
DA:26,49
DA:34,42
DA:38,42
DA:41,7
DA:42,42
DA:43,42
DA:47,7
DA:48,7
DA:50,7
LF:21
LH:20
BRDA:8,0,0,7
BRDA:8,0,1,0
BRDA:13,1,0,0
BRDA:13,1,1,7
BRDA:27,2,0,49
BRDA:27,2,1,49
BRDA:27,2,2,42
BRDA:27,2,3,42
BRDA:42,3,0,42
BRDA:42,3,1,0
BRF:10
BRH:7
end_of_record
TN:
SF:models/itinerary.js
FN:3,(anonymous_0)
FN:5,(anonymous_1)
FNF:2
FNH:2
FNDA:7,(anonymous_0)
FNDA:7,(anonymous_1)
DA:2,7
DA:3,7
DA:6,7
DA:9,7
DA:54,7
LF:5
LH:5
BRF:0
BRH:0
end_of_record
TN:
SF:models/trip.js
FN:3,(anonymous_0)
FN:5,(anonymous_1)
FN:36,(anonymous_2)
FNF:3
FNH:2
FNDA:7,(anonymous_0)
FNDA:7,(anonymous_1)
FNDA:0,(anonymous_2)
DA:2,7
DA:3,7
DA:6,7
DA:7,7
DA:8,7
DA:11,7
DA:37,0
DA:38,0
DA:66,7
LF:9
LH:7
BRDA:37,0,0,0
BRDA:37,0,1,0
BRDA:37,1,0,0
BRDA:37,1,1,0
BRF:4
BRH:0
end_of_record
TN:
SF:models/user.js
FN:3,(anonymous_0)
FN:5,(anonymous_1)
FNF:2
FNH:2
FNDA:7,(anonymous_0)
FNDA:7,(anonymous_1)
DA:2,7
DA:3,7
DA:6,7
DA:9,7
DA:60,7
LF:5
LH:5
BRF:0
BRH:0
end_of_record
TN:
SF:routes/index.js
FNF:0
FNH:0
DA:1,7
DA:2,7
DA:3,7
DA:4,7
DA:5,7
DA:6,7
DA:7,7
DA:8,7
DA:11,7
DA:12,7
DA:13,7
DA:19,7
DA:20,7
DA:23,7
DA:24,7
DA:25,7
DA:26,7
DA:27,7
DA:28,7
DA:29,7
DA:32,7
DA:34,7
DA:39,7
DA:46,7
DA:47,7
DA:52,7
DA:53,7
DA:59,7
DA:61,7
LF:29
LH:29
BRF:0
BRH:0
end_of_record
